#
# A fatal error has been detected by the Java Runtime Environment:
#
#  EXCEPTION_ACCESS_VIOLATION (0xc0000005) at pc=0x00007ffbe82e3004, pid=7500, tid=3624
#
# JRE version: Java(TM) SE Runtime Environment (24.0.1+9) (build 24.0.1+9-30)
# Java VM: Java HotSpot(TM) 64-Bit Server VM (24.0.1+9-30, mixed mode, emulated-client, sharing, tiered, compressed oops, compressed class ptrs, g1 gc, windows-amd64)
# Problematic frame:
# C  [libasyncProfiler.dll+0x93004]
#
# No core dump will be written. Minidumps are not enabled by default on client versions of Windows
#
# JFR recording file will be written. Location: C:\Users\PC\Downloads\menu-service\menu-service\hs_err_pid7500.jfr
#
# If you would like to submit a bug report, please visit:
#   https://bugreport.java.com/bugreport/crash.jsp
# The crash happened outside the Java Virtual Machine in native code.
# See problematic frame for where to report the bug.
#

---------------  S U M M A R Y ------------

Command Line: -XX:TieredStopAtLevel=1 -Dspring.output.ansi.enabled=always -Dcom.sun.management.jmxremote -Dspring.jmx.enabled=true -Dspring.liveBeansView.mbeanDomain -Dspring.application.admin.enabled=true -Dmanagement.endpoints.jmx.exposure.include=* -javaagent:C:\Program Files\JetBrains\IntelliJ IDEA 2024.3.5\lib\idea_rt.jar=63590 -Dfile.encoding=UTF-8 -Dsun.stdout.encoding=UTF-8 -Dsun.stderr.encoding=UTF-8 com.restaurant.menuservice.MenuServiceApplication

Host: Intel(R) Core(TM) i5-8250U CPU @ 1.60GHz, 8 cores, 7G,  Windows 10 , 64 bit Build 19041 (10.0.19041.5915)
Time: Fri Jan  2 08:08:01 2026 Paris, Madrid elapsed time: 63.119965 seconds (0d 0h 1m 3s)

---------------  T H R E A D  ---------------

Current thread (0x00000226c8424c20):  JavaThread "Attach Listener" daemon [_thread_in_native, id=3624, stack(0x000000a7b6100000,0x000000a7b6200000) (1024K)]

Stack: [0x000000a7b6100000,0x000000a7b6200000],  sp=0x000000a7b61fec30,  free space=1019k
Native frames: (J=compiled Java code, j=interpreted, Vv=VM code, C=native code)
C  [libasyncProfiler.dll+0x93004]  (no source info available)
C  [libasyncProfiler.dll+0x934db]  (no source info available)
C  [libasyncProfiler.dll+0x92134]  (no source info available)
C  [libasyncProfiler.dll+0x929aa]  (no source info available)
C  [libasyncProfiler.dll+0x8d561]  (no source info available)
C  [libasyncProfiler.dll+0x7ef21]  (no source info available)
C  [libasyncProfiler.dll+0x7dc38]  (no source info available)
C  [libasyncProfiler.dll+0x7db20]  (no source info available)
C  [libasyncProfiler.dll+0x84af9]  (no source info available)
V  [jvm.dll+0x57eff7]  (no source info available)
V  [jvm.dll+0x57fdac]  (no source info available)
V  [jvm.dll+0x14ca17]  (no source info available)
V  [jvm.dll+0x14dfe1]  (no source info available)
V  [jvm.dll+0x42f456]  (no source info available)
V  [jvm.dll+0x87d76b]  (no source info available)
V  [jvm.dll+0x72ee55]  (no source info available)
C  [ucrtbase.dll+0x21bb2]  (no source info available)
C  [KERNEL32.DLL+0x17374]  (no source info available)
C  [ntdll.dll+0x4cc91]  (no source info available)


siginfo: EXCEPTION_ACCESS_VIOLATION (0xc0000005), reading address 0xffffffffffffffff


Registers:
RAX=0x0000000000000010, RBX=0x0000000000000000, RCX=0xffffffffffffffff, RDX=0x007ffc580e301010
RSP=0x000000a7b61fec30, RBP=0x00000227109dace8, RSI=0x000000a7b61feda0, RDI=0x00000227109dace8
R8 =0x0000000000000042, R9 =0x000000008226aa40, R10=0x00007ffc58359fb0, R11=0x0000000000000030
R12=0x000000a7b61feda0, R13=0x000002270e5c0b00, R14=0x00000226c8424fe8, R15=0x00000226c8424fe8
RIP=0x00007ffbe82e3004, EFLAGS=0x0000000000010202

XMM[0]=0x0000000000000000 0x0000000000000000
XMM[1]=0x0000000000000000 0x0000000000000000
XMM[2]=0x0000000000000000 0x0000000000000000
XMM[3]=0x0000000000000000 0x0000000000000000
XMM[4]=0x0000000000000000 0x0000000000000000
XMM[5]=0x0000000000000000 0x0000000000000000
XMM[6]=0x0000000000000000 0x0000000000000000
XMM[7]=0x0000000000000000 0x0000000000000000
XMM[8]=0x0000000000000000 0x0000000000000000
XMM[9]=0x0000000000000000 0x0000000000000000
XMM[10]=0x0000000000000000 0x0000000000000000
XMM[11]=0x0000000000000000 0x0000000000000000
XMM[12]=0x0000000000000000 0x0000000000000000
XMM[13]=0x0000000000000000 0x0000000000000000
XMM[14]=0x0000000000000000 0x0000000000000000
XMM[15]=0x0000000000000000 0x0000000000000000
  MXCSR=0x00001fa0


Register to memory mapping:

RAX=0x0000000000000010 is an unknown value
RBX=0x0 is null
RCX=0xffffffffffffffff is an unknown value
RDX=0x007ffc580e301010 is an unknown value
RSP=0x000000a7b61fec30 is pointing into the stack for thread: 0x00000226c8424c20
RBP=0x00000227109dace8 points into unknown readable memory: 0x000000008226aa40 | 40 aa 26 82 00 00 00 00
RSI=0x000000a7b61feda0 is pointing into the stack for thread: 0x00000226c8424c20
RDI=0x00000227109dace8 points into unknown readable memory: 0x000000008226aa40 | 40 aa 26 82 00 00 00 00
R8 =0x0000000000000042 is an unknown value
R9 =0x000000008226aa40 is an oop: java.lang.ref.Reference$ReferenceHandler 
{0x000000008226aa40} - klass: 'java/lang/ref/Reference$ReferenceHandler' - flags: 

 - ---- fields (total size 14 words):
 - 'threadLocalRandomProbe' 'I' @12  0 (0x00000000)
 - private volatile 'eetop' 'J' @16  2365591775248 (0x00000226c841e810)
 - private final 'tid' 'J' @24  14 (0x000000000000000e)
 - 'threadLocalRandomSeed' 'J' @32  0 (0x0000000000000000)
 - injected 'jvmti_thread_state' 'J' @40  2366801240096 (0x000002271058e020)
 - 'threadLocalRandomSecondarySeed' 'I' @48  0 (0x00000000)
 - injected 'jvmti_VTMS_transition_disable_count' 'I' @52  0 (0x00000000)
 - injected 'jfr_epoch' 'S' @56  0 (0x0000)
 - volatile 'interrupted' 'Z' @58  false (0x00)
 - injected 'jvmti_is_in_VTMS_transition' 'Z' @59  false (0x00)
 - private volatile 'name' 'Ljava/lang/String;' @60  "Reference Handler"{0x00000000ffe0a568} (0xffe0a568)
 - private volatile 'contextClassLoader' 'Ljava/lang/ClassLoader;' @64  null (0x00000000)
 - private final 'holder' 'Ljava/lang/Thread$FieldHolder;' @68  a 'java/lang/Thread$FieldHolder'{0x0000000082165cb0} (0x82165cb0)
 - 'threadLocals' 'Ljava/lang/ThreadLocal$ThreadLocalMap;' @72  null (0x00000000)
 - 'inheritableThreadLocals' 'Ljava/lang/ThreadLocal$ThreadLocalMap;' @76  null (0x00000000)
 - private 'scopedValueBindings' 'Ljava/lang/Object;' @80  a 'java/lang/Class'{0x00000000ffe7c890} = 'java/lang/Thread' (0xffe7c890)
 - final 'interruptLock' 'Ljava/lang/Object;' @84  a 'java/lang/Object'{0x0000000082165cd8} (0x82165cd8)
 - private volatile 'parkBlocker' 'Ljava/lang/Object;' @88  null (0x00000000)
 - private 'nioBlocker' 'Lsun/nio/ch/Interruptible;' @92  null (0x00000000)
 - private 'cont' 'Ljdk/internal/vm/Continuation;' @96  null (0x00000000)
 - private volatile 'uncaughtExceptionHandler' 'Ljava/lang/Thread$UncaughtExceptionHandler;' @100  null (0x00000000)
 - private 'container' 'Ljdk/internal/vm/ThreadContainer;' @104  null (0x00000000)
 - private volatile 'headStackableScopes' 'Ljdk/internal/vm/StackableScope;' @108  null (0x00000000)
R10=0x00007ffc58359fb0 jvm.dll
R11=0x0000000000000030 is an unknown value
R12=0x000000a7b61feda0 is pointing into the stack for thread: 0x00000226c8424c20
R13=0x000002270e5c0b00 points into unknown readable memory: 0x00007ffc582ca510 | 10 a5 2c 58 fc 7f 00 00
R14=0x00000226c8424fe8 points into unknown readable memory: 0x00007ffc582c17b0 | b0 17 2c 58 fc 7f 00 00
R15=0x00000226c8424fe8 points into unknown readable memory: 0x00007ffc582c17b0 | b0 17 2c 58 fc 7f 00 00

Top of Stack: (sp=0x000000a7b61fec30)
0x000000a7b61fec30:   000000a7b61feda0 00000227109dace8   ............'...
0x000000a7b61fec40:   0000000000000000 00000226c8425370   ........pSB.&...
0x000000a7b61fec50:   0000000000000036 00007ffbe82e34db   6........4......
0x000000a7b61fec60:   0000000000000000 00000226c8424fe8   .........OB.&...
0x000000a7b61fec70:   000000a7b61fed01 0000000000000000   ................
0x000000a7b61fec80:   00000227151c4ec0 00007ffbe82e2134   .N..'...4!......
0x000000a7b61fec90:   0000000000000000 0000000000000036   ........6.......
0x000000a7b61feca0:   0000000000000000 0000000000000036   ........6.......
0x000000a7b61fecb0:   0000002000000000 00000227151c3430   .... ...04..'...
0x000000a7b61fecc0:   00000227151c4ec0 00000227151c4f98   .N..'....O..'...
0x000000a7b61fecd0:   00000227151c4fbc 00000000000048cc   .O..'....H......
0x000000a7b61fece0:   0000000000000000 0000000000000000   ................
0x000000a7b61fecf0:   0000000000000000 00007ffc57b257d4   .........W.W....
0x000000a7b61fed00:   00007ffbe843ae00 0000000000001d4c   ..C.....L.......
0x000000a7b61fed10:   00007ffbe843ae00 00000000ffffffff   ..C.............
0x000000a7b61fed20:   0000000000000000 00007ffbe82e29aa   .........)......
0x000000a7b61fed30:   00000226c8424fe8 0000000000000000   .OB.&...........
0x000000a7b61fed40:   000000a7b61feda9 000002270e5c0b00   ..........\.'...
0x000000a7b61fed50:   0000000000000003 0000000000000048   ........H.......
0x000000a7b61fed60:   0000000800800310 0000000000000020   ........ .......
0x000000a7b61fed70:   00000226c8424fe8 00007ffbe843ae00   .OB.&.....C.....
0x000000a7b61fed80:   00000226c82dc7e0 000002271058e020   ..-.&... .X.'...
0x000000a7b61fed90:   0000000800800390 00000226c8424fe8   .........OB.&...
0x000000a7b61feda0:   0000022716a76fd0 0000022716a77690   .o..'....v..'...
0x000000a7b61fedb0:   0000022716a77690 00007ffbe843ae00   .v..'.....C.....
0x000000a7b61fedc0:   000000a7b61fef38 00000226b53e0000   8.........>.&...
0x000000a7b61fedd0:   000000a7b61ff070 0000000000008840   p.......@.......
0x000000a7b61fede0:   000000a7b61ff250 00007ffbe843ae50   P.......P.C.....
0x000000a7b61fedf0:   0000000000989680 0000000000989680   ................
0x000000a7b61fee00:   000000a7b61fef10 00007ffbe82dd561   ........a.-.....
0x000000a7b61fee10:   00007ffbe843ae00 00007ffbe843ae58   ..C.....X.C.....
0x000000a7b61fee20:   00007ffb00000000 00007ffc00000001   ................

Instructions: (pc=0x00007ffbe82e3004)
  0x00007ffbe82e2f04:   cc cc cc cc cc cc cc cc cc cc cc cc cc cc cc cc
  0x00007ffbe82e2f14:   cc cc cc cc cc cc cc cc cc cc cc cc cc cc cc cc
  0x00007ffbe82e2f24:   cc cc cc cc cc cc cc cc cc cc cc cc cc cc cc cc
  0x00007ffbe82e2f34:   cc cc cc cc cc cc cc cc cc cc cc cc cc cc cc cc
  0x00007ffbe82e2f44:   cc cc cc cc cc cc cc cc cc cc cc cc cc cc cc cc
  0x00007ffbe82e2f54:   cc cc cc cc cc cc cc cc cc cc cc cc cc cc cc cc
  0x00007ffbe82e2f64:   cc cc cc cc cc cc cc cc cc cc cc cc cc cc cc cc
  0x00007ffbe82e2f74:   cc cc cc cc cc cc cc cc cc cc cc cc cc cc cc cc
  0x00007ffbe82e2f84:   cc cc cc cc cc cc cc cc cc cc cc cc 40 57 48 83
  0x00007ffbe82e2f94:   ec 20 48 8b f9 48 8b 0d 30 80 15 00 48 85 c9 74
  0x00007ffbe82e2fa4:   20 48 8b 01 48 8d 54 24 38 41 b8 06 00 01 00 4c
  0x00007ffbe82e2fb4:   8b 48 30 41 ff d1 85 c0 75 07 48 8b 4c 24 38 eb
  0x00007ffbe82e2fc4:   02 33 c9 4c 8b 05 0a 81 15 00 48 89 5c 24 30 4d
  0x00007ffbe82e2fd4:   85 c0 74 4a 48 8b 01 48 8b d7 4c 8b 88 28 03 00
  0x00007ffbe82e2fe4:   00 41 ff d1 48 85 c0 74 35 48 63 0d b8 3d 15 00
  0x00007ffbe82e2ff4:   48 8b 14 01 48 85 d2 74 15 48 63 05 bc 3d 15 00
=>0x00007ffbe82e3004:   8b 04 10 48 8b 5c 24 30 48 83 c4 20 5f c3 b8 ff
  0x00007ffbe82e3014:   ff ff ff 48 8b 5c 24 30 48 83 c4 20 5f c3 80 3d
  0x00007ffbe82e3024:   bb 7f 15 00 00 bb ff ff ff ff 74 20 4c 8b 0d 51
  0x00007ffbe82e3034:   7c 15 00 4c 8d 44 24 38 48 8b 0d 35 7c 15 00 48
  0x00007ffbe82e3044:   8b d7 41 ff d1 85 c0 0f 44 5c 24 38 8b c3 48 8b
  0x00007ffbe82e3054:   5c 24 30 48 83 c4 20 5f c3 cc cc cc cc cc cc cc
  0x00007ffbe82e3064:   cc cc cc cc cc cc cc cc cc cc cc cc cc cc cc cc
  0x00007ffbe82e3074:   cc cc cc cc cc cc cc cc cc cc cc cc cc cc cc cc
  0x00007ffbe82e3084:   cc cc cc cc cc cc cc cc cc cc cc cc 48 89 54 24
  0x00007ffbe82e3094:   10 53 55 56 57 41 56 41 57 48 83 ec 28 48 8b f2
  0x00007ffbe82e30a4:   4c 8b f1 48 89 4c 24 78 45 33 ff 44 89 7c 24 68
  0x00007ffbe82e30b4:   c7 44 24 60 01 00 00 00 48 8d 4c 24 68 e8 69 3c
  0x00007ffbe82e30c4:   f7 ff 8b d8 48 8d 4c 24 60 e8 5d 3c f7 ff 8b e8
  0x00007ffbe82e30d4:   49 8b ce e8 33 f3 f6 ff 48 8b f8 90 8b c3 f0 0f
  0x00007ffbe82e30e4:   b1 2f 74 04 f3 90 eb f4 4c 89 3e 4c 89 7e 08 4c
  0x00007ffbe82e30f4:   89 7e 10 49 8b 6e 08 4d 8b 76 10 49 3b ee 0f 84


Stack slot to memory mapping:

stack at sp + 0 slots: 0x000000a7b61feda0 is pointing into the stack for thread: 0x00000226c8424c20
stack at sp + 1 slots: 0x00000227109dace8 points into unknown readable memory: 0x000000008226aa40 | 40 aa 26 82 00 00 00 00
stack at sp + 2 slots: 0x0 is null
stack at sp + 3 slots: 0x00000226c8425370 points into unknown readable memory: 0x6e616c2e6176616a | 6a 61 76 61 2e 6c 61 6e
stack at sp + 4 slots: 0x0000000000000036 is an unknown value
stack at sp + 5 slots: 0x00007ffbe82e34db libasyncProfiler.dll
stack at sp + 6 slots: 0x0 is null
stack at sp + 7 slots: 0x00000226c8424fe8 points into unknown readable memory: 0x00007ffc582c17b0 | b0 17 2c 58 fc 7f 00 00

Lock stack of current Java thread (top to bottom):


---------------  P R O C E S S  ---------------

Threads class SMR info:
_java_thread_list=0x00000227150c8950, length=35, elements={
0x00000226c841e810, 0x00000226c841f150, 0x00000226c84240f0, 0x00000226c8424c20,
0x00000226c8427760, 0x00000226c842b750, 0x00000226c842c280, 0x00000226c8541370,
0x000002270e160560, 0x000002270e162cb0, 0x000002270e7b4cf0, 0x000002270e7eff90,
0x000002270e7d52c0, 0x000002270e80dbf0, 0x000002270e80e740, 0x000002270ea9b770,
0x000002270f6f0010, 0x000002270f6ec590, 0x000002270f6e99b0, 0x000002270f6eea20,
0x000002270f6eafa0, 0x000002270f6ef8c0, 0x000002270f6ea100, 0x000002270f6ea850,
0x000002270f6eb6f0, 0x000002270f6f0760, 0x000002270f6ef170, 0x000002270f6ebe40,
0x000002270f6ecce0, 0x000002270f6ee2d0, 0x000002270f6ed430, 0x000002270f6edb80,
0x0000022710991c60, 0x0000022710992b00, 0x000002271098ff20
}

Java Threads: ( => current thread )
  0x00000226c841e810 JavaThread "Reference Handler"          daemon [_thread_blocked, id=15064, stack(0x000000a7b5e00000,0x000000a7b5f00000) (1024K)]
  0x00000226c841f150 JavaThread "Finalizer"                  daemon [_thread_blocked, id=9200, stack(0x000000a7b5f00000,0x000000a7b6000000) (1024K)]
  0x00000226c84240f0 JavaThread "Signal Dispatcher"          daemon [_thread_blocked, id=20300, stack(0x000000a7b6000000,0x000000a7b6100000) (1024K)]
=>0x00000226c8424c20 JavaThread "Attach Listener"            daemon [_thread_in_native, id=3624, stack(0x000000a7b6100000,0x000000a7b6200000) (1024K)]
  0x00000226c8427760 JavaThread "Service Thread"             daemon [_thread_blocked, id=7732, stack(0x000000a7b6200000,0x000000a7b6300000) (1024K)]
  0x00000226c842b750 JavaThread "Monitor Deflation Thread"   daemon [_thread_blocked, id=18980, stack(0x000000a7b6300000,0x000000a7b6400000) (1024K)]
  0x00000226c842c280 JavaThread "C1 CompilerThread0"         daemon [_thread_blocked, id=18356, stack(0x000000a7b6400000,0x000000a7b6500000) (1024K)]
  0x00000226c8541370 JavaThread "Common-Cleaner"             daemon [_thread_blocked, id=436, stack(0x000000a7b6700000,0x000000a7b6800000) (1024K)]
  0x000002270e160560 JavaThread "Monitor Ctrl-Break"         daemon [_thread_in_native, id=7576, stack(0x000000a7b6800000,0x000000a7b6900000) (1024K)]
  0x000002270e162cb0 JavaThread "Notification Thread"        daemon [_thread_blocked, id=18408, stack(0x000000a7b6900000,0x000000a7b6a00000) (1024K)]
  0x000002270e7b4cf0 JavaThread "RMI TCP Accept-0"           daemon [_thread_in_native, id=3784, stack(0x000000a7b6a00000,0x000000a7b6b00000) (1024K)]
  0x000002270e7eff90 JavaThread "RMI TCP Connection(1)-172.19.0.1" daemon [_thread_in_native, id=608, stack(0x000000a7b6b00000,0x000000a7b6c00000) (1024K)]
  0x000002270e7d52c0 JavaThread "RMI TCP Connection(idle)"   daemon [_thread_blocked, id=17492, stack(0x000000a7b6c00000,0x000000a7b6d00000) (1024K)]
  0x000002270e80dbf0 JavaThread "RMI Scheduler(0)"           daemon [_thread_blocked, id=20228, stack(0x000000a7b6d00000,0x000000a7b6e00000) (1024K)]
  0x000002270e80e740 JavaThread "JMX server connection timeout 33" daemon [_thread_blocked, id=13040, stack(0x000000a7b6f00000,0x000000a7b7000000) (1024K)]
  0x000002270ea9b770 JavaThread "Catalina-utility-1"                [_thread_blocked, id=1136, stack(0x000000a7b7600000,0x000000a7b7700000) (1024K)]
  0x000002270f6f0010 JavaThread "Catalina-utility-2"                [_thread_blocked, id=21168, stack(0x000000a7b7900000,0x000000a7b7a00000) (1024K)]
  0x000002270f6ec590 JavaThread "container-0"                       [_thread_blocked, id=6568, stack(0x000000a7b7a00000,0x000000a7b7b00000) (1024K)]
  0x000002270f6e99b0 JavaThread "mysql-cj-abandoned-connection-cleanup" daemon [_thread_blocked, id=5744, stack(0x000000a7b7b00000,0x000000a7b7c00000) (1024K)]
  0x000002270f6eea20 JavaThread "HikariPool-1:housekeeper"   daemon [_thread_blocked, id=1832, stack(0x000000a7b7d00000,0x000000a7b7e00000) (1024K)]
  0x000002270f6eafa0 JavaThread "http-nio-1800-exec-1"       daemon [_thread_blocked, id=20764, stack(0x000000a7b7f00000,0x000000a7b8000000) (1024K)]
  0x000002270f6ef8c0 JavaThread "http-nio-1800-exec-2"       daemon [_thread_blocked, id=7604, stack(0x000000a7b8000000,0x000000a7b8100000) (1024K)]
  0x000002270f6ea100 JavaThread "http-nio-1800-exec-3"       daemon [_thread_blocked, id=9168, stack(0x000000a7b8100000,0x000000a7b8200000) (1024K)]
  0x000002270f6ea850 JavaThread "http-nio-1800-exec-4"       daemon [_thread_blocked, id=20532, stack(0x000000a7b8200000,0x000000a7b8300000) (1024K)]
  0x000002270f6eb6f0 JavaThread "http-nio-1800-exec-5"       daemon [_thread_blocked, id=21088, stack(0x000000a7b8300000,0x000000a7b8400000) (1024K)]
  0x000002270f6f0760 JavaThread "http-nio-1800-exec-6"       daemon [_thread_blocked, id=21788, stack(0x000000a7b8400000,0x000000a7b8500000) (1024K)]
  0x000002270f6ef170 JavaThread "http-nio-1800-exec-7"       daemon [_thread_blocked, id=21320, stack(0x000000a7b8500000,0x000000a7b8600000) (1024K)]
  0x000002270f6ebe40 JavaThread "http-nio-1800-exec-8"       daemon [_thread_blocked, id=22332, stack(0x000000a7b8600000,0x000000a7b8700000) (1024K)]
  0x000002270f6ecce0 JavaThread "http-nio-1800-exec-9"       daemon [_thread_blocked, id=18996, stack(0x000000a7b8700000,0x000000a7b8800000) (1024K)]
  0x000002270f6ee2d0 JavaThread "http-nio-1800-exec-10"      daemon [_thread_blocked, id=4176, stack(0x000000a7b8800000,0x000000a7b8900000) (1024K)]
  0x000002270f6ed430 JavaThread "http-nio-1800-Poller"       daemon [_thread_in_native, id=20928, stack(0x000000a7b8900000,0x000000a7b8a00000) (1024K)]
  0x000002270f6edb80 JavaThread "http-nio-1800-Acceptor"     daemon [_thread_in_native, id=19820, stack(0x000000a7b8a00000,0x000000a7b8b00000) (1024K)]
  0x0000022710991c60 JavaThread "DestroyJavaVM"                     [_thread_blocked, id=22480, stack(0x000000a7b5600000,0x000000a7b5700000) (1024K)]
  0x0000022710992b00 JavaThread "JFR Recorder Thread"        daemon [_thread_in_native, id=17936, stack(0x000000a7b5300000,0x000000a7b5400000) (1024K)]
  0x000002271098ff20 JavaThread "JFR Periodic Tasks"         daemon [_thread_blocked, id=18636, stack(0x000000a7b5400000,0x000000a7b5500000) (1024K)]
Total: 35

Other Threads:
  0x00000226c8410db0 VMThread "VM Thread"                           [id=22452, stack(0x000000a7b5d00000,0x000000a7b5e00000) (1024K)]
  0x00000226c82dcb90 WatcherThread "VM Periodic Task Thread"        [id=16980, stack(0x000000a7b5c00000,0x000000a7b5d00000) (1024K)]
  0x00000226b76db6d0 WorkerThread "GC Thread#0"                     [id=22484, stack(0x000000a7b5700000,0x000000a7b5800000) (1024K)]
  0x000002270eae7a70 WorkerThread "GC Thread#1"                     [id=21864, stack(0x000000a7b6e00000,0x000000a7b6f00000) (1024K)]
  0x000002270eae7e20 WorkerThread "GC Thread#2"                     [id=19852, stack(0x000000a7b7000000,0x000000a7b7100000) (1024K)]
  0x000002270eae81d0 WorkerThread "GC Thread#3"                     [id=21640, stack(0x000000a7b7100000,0x000000a7b7200000) (1024K)]
  0x000002270eae8930 WorkerThread "GC Thread#4"                     [id=6148, stack(0x000000a7b7200000,0x000000a7b7300000) (1024K)]
  0x000002270eae8ce0 WorkerThread "GC Thread#5"                     [id=19124, stack(0x000000a7b7300000,0x000000a7b7400000) (1024K)]
  0x000002270efe9be0 WorkerThread "GC Thread#6"                     [id=7024, stack(0x000000a7b7400000,0x000000a7b7500000) (1024K)]
  0x000002270efeae50 WorkerThread "GC Thread#7"                     [id=3300, stack(0x000000a7b7500000,0x000000a7b7600000) (1024K)]
  0x00000226b76f0300 ConcurrentGCThread "G1 Main Marker"            [id=6276, stack(0x000000a7b5800000,0x000000a7b5900000) (1024K)]
  0x00000226b76f24d0 WorkerThread "G1 Conc#0"                       [id=76, stack(0x000000a7b5900000,0x000000a7b5a00000) (1024K)]
  0x000002270efe90d0 WorkerThread "G1 Conc#1"                       [id=2968, stack(0x000000a7b7800000,0x000000a7b7900000) (1024K)]
  0x00000226c82ce150 ConcurrentGCThread "G1 Refine#0"               [id=17432, stack(0x000000a7b5a00000,0x000000a7b5b00000) (1024K)]
  0x00000226c82cfa90 ConcurrentGCThread "G1 Service"                [id=20444, stack(0x000000a7b5b00000,0x000000a7b5c00000) (1024K)]
Total: 15

Threads with active compile tasks:
Total: 0

VM state: not at safepoint (normal execution)

VM Mutex/Monitor currently owned by a thread: None

Heap address: 0x0000000081e00000, size: 2018 MB, Compressed Oops mode: 32-bit

CDS archive(s) mapped at: [0x00000226c9000000-0x00000226c9d40000-0x00000226c9d40000), size 13893632, SharedBaseAddress: 0x00000226c9000000, ArchiveRelocationMode: 1.
Compressed class space mapped at: 0x00000226ca000000-0x000002270a000000, reserved size: 1073741824
UseCompressedClassPointers 1, UseCompactObjectHeaders 0
Narrow klass pointer bits 32, Max shift 3
Narrow klass base: 0x00000226c9000000, Narrow klass shift: 0
Encoding Range: [0x00000226c9000000 - 0x00000227c9000000), (4294967296 bytes)
Klass Range:    [0x00000226c9000000 - 0x000002270a000000), (1090519040 bytes)
Klass ID Range:  [8 - 1090519033) (1090519025)

GC Precious Log:
 CardTable entry size: 512
 Card Set container configuration: InlinePtr #cards 5 size 8 Array Of Cards #cards 10 size 36 Howl #buckets 4 coarsen threshold 1843 Howl Bitmap #cards 512 size 80 coarsen threshold 460 Card regions per heap region 1 cards per card region 2048
 CPUs: 8 total, 8 available
 Memory: 8069M
 Large Page Support: Disabled
 NUMA Support: Disabled
 Compressed Oops: Enabled (32-bit)
 Heap Region Size: 1M
 Heap Min Capacity: 8M
 Heap Initial Capacity: 128M
 Heap Max Capacity: 2018M
 Pre-touch: Disabled
 Parallel Workers: 8
 Concurrent Workers: 2
 Concurrent Refinement Workers: 8
 Periodic GC: Disabled

Heap:
 garbage-first heap   total reserved 2066432K, committed 70656K, used 56321K [0x0000000081e00000, 0x0000000100000000)
  region size 1024K, 23 young (23552K), 4 survivors (4096K)
 Metaspace       used 76503K, committed 77312K, reserved 1179648K
  class space    used 8629K, committed 8960K, reserved 1048576K

Heap Regions: E=young(eden), S=young(survivor), O=old, HS=humongous(starts), HC=humongous(continues), CS=collection set, F=free, TAMS=top-at-mark-start, PB=parsable bottom
|   0|0x0000000081e00000, 0x0000000081f00000, 0x0000000081f00000|100%|HS|  |TAMS 0x0000000081e00000| PB 0x0000000081e00000| Complete |  0
|   1|0x0000000081f00000, 0x0000000082000000, 0x0000000082000000|100%|HS|  |TAMS 0x0000000081f00000| PB 0x0000000081f00000| Complete |  0
|   2|0x0000000082000000, 0x0000000082100000, 0x0000000082100000|100%| O|  |TAMS 0x0000000082000000| PB 0x0000000082000000| Untracked |  0
|   3|0x0000000082100000, 0x0000000082200000, 0x0000000082200000|100%| O|  |TAMS 0x0000000082100000| PB 0x0000000082100000| Untracked |  0
|   4|0x0000000082200000, 0x0000000082300000, 0x0000000082300000|100%| O|  |TAMS 0x0000000082200000| PB 0x0000000082200000| Untracked |  0
|   5|0x0000000082300000, 0x0000000082400000, 0x0000000082400000|100%| O|  |TAMS 0x0000000082300000| PB 0x0000000082300000| Untracked |  0
|   6|0x0000000082400000, 0x0000000082500000, 0x0000000082500000|100%| O|  |TAMS 0x0000000082400000| PB 0x0000000082400000| Untracked |  0
|   7|0x0000000082500000, 0x0000000082600000, 0x0000000082600000|100%| O|  |TAMS 0x0000000082500000| PB 0x0000000082500000| Untracked |  0
|   8|0x0000000082600000, 0x0000000082700000, 0x0000000082700000|100%| O|  |TAMS 0x0000000082600000| PB 0x0000000082600000| Untracked |  0
|   9|0x0000000082700000, 0x0000000082800000, 0x0000000082800000|100%| O|  |TAMS 0x0000000082700000| PB 0x0000000082700000| Untracked |  0
|  10|0x0000000082800000, 0x0000000082900000, 0x0000000082900000|100%| O|  |TAMS 0x0000000082800000| PB 0x0000000082800000| Untracked |  0
|  11|0x0000000082900000, 0x0000000082a00000, 0x0000000082a00000|100%| O|  |TAMS 0x0000000082900000| PB 0x0000000082900000| Untracked |  0
|  12|0x0000000082a00000, 0x0000000082b00000, 0x0000000082b00000|100%| O|  |TAMS 0x0000000082a00000| PB 0x0000000082a00000| Untracked |  0
|  13|0x0000000082b00000, 0x0000000082c00000, 0x0000000082c00000|100%| O|  |TAMS 0x0000000082b00000| PB 0x0000000082b00000| Untracked |  0
|  14|0x0000000082c00000, 0x0000000082d00000, 0x0000000082d00000|100%| O|  |TAMS 0x0000000082c00000| PB 0x0000000082c00000| Untracked |  0
|  15|0x0000000082d00000, 0x0000000082e00000, 0x0000000082e00000|100%| O|  |TAMS 0x0000000082d00000| PB 0x0000000082d00000| Untracked |  0
|  16|0x0000000082e00000, 0x0000000082f00000, 0x0000000082f00000|100%| O|  |TAMS 0x0000000082e00000| PB 0x0000000082e00000| Untracked |  0
|  17|0x0000000082f00000, 0x0000000083000000, 0x0000000083000000|100%| O|  |TAMS 0x0000000082f00000| PB 0x0000000082f00000| Untracked |  0
|  18|0x0000000083000000, 0x0000000083100000, 0x0000000083100000|100%| O|  |TAMS 0x0000000083000000| PB 0x0000000083000000| Untracked |  0
|  19|0x0000000083100000, 0x0000000083200000, 0x0000000083200000|100%| O|  |TAMS 0x0000000083100000| PB 0x0000000083100000| Untracked |  0
|  20|0x0000000083200000, 0x0000000083300000, 0x0000000083300000|100%| O|  |TAMS 0x0000000083200000| PB 0x0000000083200000| Untracked |  0
|  21|0x0000000083300000, 0x0000000083400000, 0x0000000083400000|100%| O|  |TAMS 0x0000000083300000| PB 0x0000000083300000| Untracked |  0
|  22|0x0000000083400000, 0x0000000083400000, 0x0000000083500000|  0%| F|  |TAMS 0x0000000083400000| PB 0x0000000083400000| Untracked |  0
|  23|0x0000000083500000, 0x0000000083600000, 0x0000000083600000|100%| O|  |TAMS 0x0000000083500000| PB 0x0000000083500000| Untracked |  0
|  24|0x0000000083600000, 0x0000000083600000, 0x0000000083700000|  0%| F|  |TAMS 0x0000000083600000| PB 0x0000000083600000| Untracked |  0
|  25|0x0000000083700000, 0x0000000083800000, 0x0000000083800000|100%| O|  |TAMS 0x0000000083700000| PB 0x0000000083700000| Untracked |  0
|  26|0x0000000083800000, 0x0000000083900000, 0x0000000083900000|100%| O|  |TAMS 0x0000000083800000| PB 0x0000000083800000| Untracked |  0
|  27|0x0000000083900000, 0x0000000083a00000, 0x0000000083a00000|100%| O|  |TAMS 0x0000000083900000| PB 0x0000000083900000| Untracked |  0
|  28|0x0000000083a00000, 0x0000000083b00000, 0x0000000083b00000|100%| O|  |TAMS 0x0000000083a00000| PB 0x0000000083a00000| Untracked |  0
|  29|0x0000000083b00000, 0x0000000083c00000, 0x0000000083c00000|100%| O|  |TAMS 0x0000000083b00000| PB 0x0000000083b00000| Untracked |  0
|  30|0x0000000083c00000, 0x0000000083d00000, 0x0000000083d00000|100%| O|  |TAMS 0x0000000083c00000| PB 0x0000000083c00000| Untracked |  0
|  31|0x0000000083d00000, 0x0000000083e00000, 0x0000000083e00000|100%| O|  |TAMS 0x0000000083d00000| PB 0x0000000083d00000| Untracked |  0
|  32|0x0000000083e00000, 0x0000000083f00000, 0x0000000083f00000|100%| O|  |TAMS 0x0000000083e00000| PB 0x0000000083e00000| Untracked |  0
|  33|0x0000000083f00000, 0x0000000084000000, 0x0000000084000000|100%| O|  |TAMS 0x0000000083f00000| PB 0x0000000083f00000| Untracked |  0
|  34|0x0000000084000000, 0x0000000084100000, 0x0000000084100000|100%| O|  |TAMS 0x0000000084000000| PB 0x0000000084000000| Untracked |  0
|  35|0x0000000084100000, 0x0000000084100000, 0x0000000084200000|  0%| F|  |TAMS 0x0000000084100000| PB 0x0000000084100000| Untracked |  0
|  36|0x0000000084200000, 0x0000000084249aa8, 0x0000000084300000| 28%| O|  |TAMS 0x0000000084200000| PB 0x0000000084200000| Untracked |  0
|  37|0x0000000084300000, 0x0000000084300000, 0x0000000084400000|  0%| F|  |TAMS 0x0000000084300000| PB 0x0000000084300000| Untracked |  0
|  38|0x0000000084400000, 0x00000000844b6a80, 0x0000000084500000| 71%| S|CS|TAMS 0x0000000084400000| PB 0x0000000084400000| Complete |  0
|  39|0x0000000084500000, 0x0000000084500000, 0x0000000084600000|  0%| F|  |TAMS 0x0000000084500000| PB 0x0000000084500000| Untracked |  0
|  40|0x0000000084600000, 0x0000000084600000, 0x0000000084700000|  0%| F|  |TAMS 0x0000000084600000| PB 0x0000000084600000| Untracked |  0
|  41|0x0000000084700000, 0x0000000084800000, 0x0000000084800000|100%| S|CS|TAMS 0x0000000084700000| PB 0x0000000084700000| Complete |  0
|  42|0x0000000084800000, 0x0000000084900000, 0x0000000084900000|100%| S|CS|TAMS 0x0000000084800000| PB 0x0000000084800000| Complete |  0
|  43|0x0000000084900000, 0x0000000084a00000, 0x0000000084a00000|100%| S|CS|TAMS 0x0000000084900000| PB 0x0000000084900000| Complete |  0
|  44|0x0000000084a00000, 0x0000000084a00000, 0x0000000084b00000|  0%| F|  |TAMS 0x0000000084a00000| PB 0x0000000084a00000| Untracked |  0
|  45|0x0000000084b00000, 0x0000000084b00000, 0x0000000084c00000|  0%| F|  |TAMS 0x0000000084b00000| PB 0x0000000084b00000| Untracked |  0
|  46|0x0000000084c00000, 0x0000000084c00000, 0x0000000084d00000|  0%| F|  |TAMS 0x0000000084c00000| PB 0x0000000084c00000| Untracked |  0
|  47|0x0000000084d00000, 0x0000000084d00000, 0x0000000084e00000|  0%| F|  |TAMS 0x0000000084d00000| PB 0x0000000084d00000| Untracked |  0
|  48|0x0000000084e00000, 0x0000000084e00000, 0x0000000084f00000|  0%| F|  |TAMS 0x0000000084e00000| PB 0x0000000084e00000| Untracked |  0
|  49|0x0000000084f00000, 0x0000000084ff2d30, 0x0000000085000000| 94%| E|  |TAMS 0x0000000084f00000| PB 0x0000000084f00000| Complete |  0
|  50|0x0000000085000000, 0x0000000085100000, 0x0000000085100000|100%| E|  |TAMS 0x0000000085000000| PB 0x0000000085000000| Complete |  0
|  51|0x0000000085100000, 0x0000000085200000, 0x0000000085200000|100%| E|CS|TAMS 0x0000000085100000| PB 0x0000000085100000| Complete |  0
|  52|0x0000000085200000, 0x0000000085300000, 0x0000000085300000|100%| E|CS|TAMS 0x0000000085200000| PB 0x0000000085200000| Complete |  0
|  53|0x0000000085300000, 0x0000000085400000, 0x0000000085400000|100%| E|CS|TAMS 0x0000000085300000| PB 0x0000000085300000| Complete |  0
|  54|0x0000000085400000, 0x0000000085500000, 0x0000000085500000|100%| E|CS|TAMS 0x0000000085400000| PB 0x0000000085400000| Complete |  0
|  55|0x0000000085500000, 0x0000000085600000, 0x0000000085600000|100%| E|CS|TAMS 0x0000000085500000| PB 0x0000000085500000| Complete |  0
|  56|0x0000000085600000, 0x0000000085700000, 0x0000000085700000|100%| E|CS|TAMS 0x0000000085600000| PB 0x0000000085600000| Complete |  0
|  57|0x0000000085700000, 0x0000000085800000, 0x0000000085800000|100%| E|CS|TAMS 0x0000000085700000| PB 0x0000000085700000| Complete |  0
|  58|0x0000000085800000, 0x0000000085900000, 0x0000000085900000|100%| E|CS|TAMS 0x0000000085800000| PB 0x0000000085800000| Complete |  0
|  59|0x0000000085900000, 0x0000000085a00000, 0x0000000085a00000|100%| E|CS|TAMS 0x0000000085900000| PB 0x0000000085900000| Complete |  0
|  60|0x0000000085a00000, 0x0000000085b00000, 0x0000000085b00000|100%| E|CS|TAMS 0x0000000085a00000| PB 0x0000000085a00000| Complete |  0
|  61|0x0000000085b00000, 0x0000000085c00000, 0x0000000085c00000|100%| E|CS|TAMS 0x0000000085b00000| PB 0x0000000085b00000| Complete |  0
|  85|0x0000000087300000, 0x0000000087400000, 0x0000000087400000|100%| E|CS|TAMS 0x0000000087300000| PB 0x0000000087300000| Complete |  0
|  86|0x0000000087400000, 0x0000000087500000, 0x0000000087500000|100%| E|CS|TAMS 0x0000000087400000| PB 0x0000000087400000| Complete |  0
|  87|0x0000000087500000, 0x0000000087600000, 0x0000000087600000|100%| E|CS|TAMS 0x0000000087500000| PB 0x0000000087500000| Complete |  0
|  88|0x0000000087600000, 0x0000000087700000, 0x0000000087700000|100%| E|CS|TAMS 0x0000000087600000| PB 0x0000000087600000| Complete |  0
| 127|0x0000000089d00000, 0x0000000089e00000, 0x0000000089e00000|100%| E|CS|TAMS 0x0000000089d00000| PB 0x0000000089d00000| Complete |  0
|2016|0x00000000ffe00000, 0x00000000fff00000, 0x00000000fff00000|100%| O|  |TAMS 0x00000000ffe00000| PB 0x00000000ffe00000| Untracked |  0
|2017|0x00000000fff00000, 0x0000000100000000, 0x0000000100000000|100%| E|CS|TAMS 0x00000000fff00000| PB 0x00000000fff00000| Complete |  0

Card table byte_map: [0x00000226c3650000,0x00000226c3a50000] _byte_map_base: 0x00000226c3241000

Marking Bits: (CMBitMap*) 0x00000226b76dbcf0
 Bits: [0x00000226c3a50000, 0x00000226c59d8000)

Polling page: 0x00000226b6e50000

Metaspace:

Usage:
  Non-class:     66.28 MB used.
      Class:      8.43 MB used.
       Both:     74.71 MB used.

Virtual space:
  Non-class space:      128.00 MB reserved,      66.75 MB ( 52%) committed,  2 nodes.
      Class space:        1.00 GB reserved,       8.75 MB ( <1%) committed,  1 nodes.
             Both:        1.12 GB reserved,      75.50 MB (  7%) committed. 

Chunk freelists:
   Non-Class:  12.75 MB
       Class:  7.18 MB
        Both:  19.93 MB

MaxMetaspaceSize: unlimited
CompressedClassSpaceSize: 1.00 GB
Initial GC threshold: 21.00 MB
Current GC threshold: 113.06 MB
CDS: on
 - commit_granule_bytes: 65536.
 - commit_granule_words: 8192.
 - virtual_space_node_default_size: 8388608.
 - enlarge_chunks_in_place: 1.
UseCompressedClassPointers 1, UseCompactObjectHeaders 0
Narrow klass pointer bits 32, Max shift 3
Narrow klass base: 0x00000226c9000000, Narrow klass shift: 0
Encoding Range: [0x00000226c9000000 - 0x00000227c9000000), (4294967296 bytes)
Klass Range:    [0x00000226c9000000 - 0x000002270a000000), (1090519040 bytes)
Klass ID Range:  [8 - 1090519033) (1090519025)


Internal statistics:

num_allocs_failed_limit: 6.
num_arena_births: 970.
num_arena_deaths: 2.
num_vsnodes_births: 3.
num_vsnodes_deaths: 0.
num_space_committed: 1208.
num_space_uncommitted: 0.
num_chunks_returned_to_freelist: 9.
num_chunks_taken_from_freelist: 3526.
num_chunk_merges: 3.
num_chunk_splits: 2586.
num_chunks_enlarged: 2106.
num_inconsistent_stats: 0.

CodeCache: size=49152Kb used=9969Kb max_used=11346Kb free=39182Kb
 bounds [0x00000226bff20000, 0x00000226c0a40000, 0x00000226c2f20000]
 total_blobs=7804, nmethods=7054, adapters=675, full_count=0
Compilation: enabled, stopped_count=0, restarted_count=0

Compilation events (20 events):
Event: 62.963 Thread 0x00000226c842c280 7140       1       jdk.jfr.internal.EventControl::getEventType (5 bytes)
Event: 62.963 Thread 0x00000226c842c280 nmethod 7140 0x00000226c0474e88 code [0x00000226c0474f80, 0x00000226c0475048]
Event: 62.963 Thread 0x00000226c842c280 7144   !   1       jdk.jfr.internal.Control::setValue (102 bytes)
Event: 62.965 Thread 0x00000226c842c280 nmethod 7144 0x00000226c0474588 code [0x00000226c0474780, 0x00000226c0474df0]
Event: 62.965 Thread 0x00000226c842c280 7145       1       jdk.jfr.internal.SettingsManager$InternalSetting::getValues (35 bytes)
Event: 62.965 Thread 0x00000226c842c280 nmethod 7145 0x00000226c0474208 code [0x00000226c0474340, 0x00000226c0474538]
Event: 62.965 Thread 0x00000226c842c280 7146       1       jdk.jfr.internal.Control::apply (10 bytes)
Event: 62.965 Thread 0x00000226c842c280 nmethod 7146 0x00000226c0473f08 code [0x00000226c0474020, 0x00000226c0474130]
Event: 62.965 Thread 0x00000226c842c280 7147       1       jdk.jfr.internal.Control::findCombine (121 bytes)
Event: 62.966 Thread 0x00000226c842c280 nmethod 7147 0x00000226c0473588 code [0x00000226c0473740, 0x00000226c0473eb0]
Event: 62.966 Thread 0x00000226c842c280 7143       1       jdk.jfr.internal.PlatformEventType::isEnabled (5 bytes)
Event: 62.966 Thread 0x00000226c842c280 nmethod 7143 0x00000226c0473288 code [0x00000226c0473380, 0x00000226c0473448]
Event: 62.966 Thread 0x00000226c842c280 7141       1       jdk.jfr.internal.EventControl::getSettingsId (5 bytes)
Event: 62.966 Thread 0x00000226c842c280 nmethod 7141 0x00000226c0472f88 code [0x00000226c0473080, 0x00000226c0473148]
Event: 62.966 Thread 0x00000226c842c280 7142       1       jdk.jfr.internal.EventControl::getNamedControls (5 bytes)
Event: 62.966 Thread 0x00000226c842c280 nmethod 7142 0x00000226c0472c88 code [0x00000226c0472d80, 0x00000226c0472e48]
Event: 62.978 Thread 0x00000226c842c280 7148       1       jdk.jfr.internal.periodic.EventTask::getEventType (5 bytes)
Event: 62.978 Thread 0x00000226c842c280 nmethod 7148 0x00000226c0472988 code [0x00000226c0472a80, 0x00000226c0472b48]
Event: 62.978 Thread 0x00000226c842c280 7149       1       jdk.jfr.internal.periodic.PeriodicTask::getPeriod (5 bytes)
Event: 62.979 Thread 0x00000226c842c280 nmethod 7149 0x00000226c0472688 code [0x00000226c0472780, 0x00000226c0472848]

GC Heap History (20 events):
Event: 11.097 GC heap before
{Heap before GC invocations=6 (full 0):
 garbage-first heap   total reserved 2066432K, committed 58368K, used 45399K [0x0000000081e00000, 0x0000000100000000)
  region size 1024K, 24 young (24576K), 2 survivors (2048K)
 Metaspace       used 35678K, committed 36096K, reserved 1114112K
  class space    used 3832K, committed 4032K, reserved 1048576K
}
Event: 11.111 GC heap after
{Heap after GC invocations=7 (full 0):
 garbage-first heap   total reserved 2066432K, committed 58368K, used 26033K [0x0000000081e00000, 0x0000000100000000)
  region size 1024K, 2 young (2048K), 2 survivors (2048K)
 Metaspace       used 35678K, committed 36096K, reserved 1114112K
  class space    used 3832K, committed 4032K, reserved 1048576K
}
Event: 12.201 GC heap before
{Heap before GC invocations=8 (full 0):
 garbage-first heap   total reserved 2066432K, committed 58368K, used 48561K [0x0000000081e00000, 0x0000000100000000)
  region size 1024K, 24 young (24576K), 2 survivors (2048K)
 Metaspace       used 40145K, committed 40640K, reserved 1114112K
  class space    used 4393K, committed 4608K, reserved 1048576K
}
Event: 12.206 GC heap after
{Heap after GC invocations=9 (full 0):
 garbage-first heap   total reserved 2066432K, committed 58368K, used 27566K [0x0000000081e00000, 0x0000000100000000)
  region size 1024K, 2 young (2048K), 2 survivors (2048K)
 Metaspace       used 40145K, committed 40640K, reserved 1114112K
  class space    used 4393K, committed 4608K, reserved 1048576K
}
Event: 13.386 GC heap before
{Heap before GC invocations=9 (full 0):
 garbage-first heap   total reserved 2066432K, committed 58368K, used 49070K [0x0000000081e00000, 0x0000000100000000)
  region size 1024K, 23 young (23552K), 2 survivors (2048K)
 Metaspace       used 45342K, committed 45888K, reserved 1114112K
  class space    used 5024K, committed 5248K, reserved 1048576K
}
Event: 13.392 GC heap after
{Heap after GC invocations=10 (full 0):
 garbage-first heap   total reserved 2066432K, committed 58368K, used 29172K [0x0000000081e00000, 0x0000000100000000)
  region size 1024K, 3 young (3072K), 3 survivors (3072K)
 Metaspace       used 45342K, committed 45888K, reserved 1114112K
  class space    used 5024K, committed 5248K, reserved 1048576K
}
Event: 14.620 GC heap before
{Heap before GC invocations=10 (full 0):
 garbage-first heap   total reserved 2066432K, committed 58368K, used 50676K [0x0000000081e00000, 0x0000000100000000)
  region size 1024K, 24 young (24576K), 3 survivors (3072K)
 Metaspace       used 54363K, committed 54848K, reserved 1114112K
  class space    used 5943K, committed 6144K, reserved 1048576K
}
Event: 14.630 GC heap after
{Heap after GC invocations=11 (full 0):
 garbage-first heap   total reserved 2066432K, committed 58368K, used 32068K [0x0000000081e00000, 0x0000000100000000)
  region size 1024K, 3 young (3072K), 3 survivors (3072K)
 Metaspace       used 54363K, committed 54848K, reserved 1114112K
  class space    used 5943K, committed 6144K, reserved 1048576K
}
Event: 15.324 GC heap before
{Heap before GC invocations=12 (full 0):
 garbage-first heap   total reserved 2066432K, committed 58368K, used 49476K [0x0000000081e00000, 0x0000000100000000)
  region size 1024K, 21 young (21504K), 3 survivors (3072K)
 Metaspace       used 58474K, committed 59008K, reserved 1114112K
  class space    used 6298K, committed 6528K, reserved 1048576K
}
Event: 15.329 GC heap after
{Heap after GC invocations=13 (full 0):
 garbage-first heap   total reserved 2066432K, committed 58368K, used 33278K [0x0000000081e00000, 0x0000000100000000)
  region size 1024K, 2 young (2048K), 2 survivors (2048K)
 Metaspace       used 58474K, committed 59008K, reserved 1114112K
  class space    used 6298K, committed 6528K, reserved 1048576K
}
Event: 16.229 GC heap before
{Heap before GC invocations=13 (full 0):
 garbage-first heap   total reserved 2066432K, committed 58368K, used 49662K [0x0000000081e00000, 0x0000000100000000)
  region size 1024K, 19 young (19456K), 2 survivors (2048K)
 Metaspace       used 64476K, committed 64960K, reserved 1114112K
  class space    used 7113K, committed 7296K, reserved 1048576K
}
Event: 16.236 GC heap after
{Heap after GC invocations=14 (full 0):
 garbage-first heap   total reserved 2066432K, committed 58368K, used 33290K [0x0000000081e00000, 0x0000000100000000)
  region size 1024K, 2 young (2048K), 2 survivors (2048K)
 Metaspace       used 64476K, committed 64960K, reserved 1114112K
  class space    used 7113K, committed 7296K, reserved 1048576K
}
Event: 17.089 GC heap before
{Heap before GC invocations=14 (full 0):
 garbage-first heap   total reserved 2066432K, committed 58368K, used 50698K [0x0000000081e00000, 0x0000000100000000)
  region size 1024K, 20 young (20480K), 2 survivors (2048K)
 Metaspace       used 68835K, committed 69376K, reserved 1114112K
  class space    used 7583K, committed 7808K, reserved 1048576K
}
Event: 17.094 GC heap after
{Heap after GC invocations=15 (full 0):
 garbage-first heap   total reserved 2066432K, committed 58368K, used 34122K [0x0000000081e00000, 0x0000000100000000)
  region size 1024K, 2 young (2048K), 2 survivors (2048K)
 Metaspace       used 68835K, committed 69376K, reserved 1114112K
  class space    used 7583K, committed 7808K, reserved 1048576K
}
Event: 17.766 GC heap before
{Heap before GC invocations=16 (full 0):
 garbage-first heap   total reserved 2066432K, committed 58368K, used 51530K [0x0000000081e00000, 0x0000000100000000)
  region size 1024K, 19 young (19456K), 2 survivors (2048K)
 Metaspace       used 70246K, committed 70848K, reserved 1114112K
  class space    used 7812K, committed 8064K, reserved 1048576K
}
Event: 17.773 GC heap after
{Heap after GC invocations=17 (full 0):
 garbage-first heap   total reserved 2066432K, committed 58368K, used 35654K [0x0000000081e00000, 0x0000000100000000)
  region size 1024K, 3 young (3072K), 3 survivors (3072K)
 Metaspace       used 70246K, committed 70848K, reserved 1114112K
  class space    used 7812K, committed 8064K, reserved 1048576K
}
Event: 18.666 GC heap before
{Heap before GC invocations=17 (full 0):
 garbage-first heap   total reserved 2066432K, committed 58368K, used 51014K [0x0000000081e00000, 0x0000000100000000)
  region size 1024K, 18 young (18432K), 3 survivors (3072K)
 Metaspace       used 71935K, committed 72576K, reserved 1114112K
  class space    used 8021K, committed 8320K, reserved 1048576K
}
Event: 18.675 GC heap after
{Heap after GC invocations=18 (full 0):
 garbage-first heap   total reserved 2066432K, committed 70656K, used 36850K [0x0000000081e00000, 0x0000000100000000)
  region size 1024K, 2 young (2048K), 2 survivors (2048K)
 Metaspace       used 71935K, committed 72576K, reserved 1114112K
  class space    used 8021K, committed 8320K, reserved 1048576K
}
Event: 19.753 GC heap before
{Heap before GC invocations=18 (full 0):
 garbage-first heap   total reserved 2066432K, committed 70656K, used 60402K [0x0000000081e00000, 0x0000000100000000)
  region size 1024K, 26 young (26624K), 2 survivors (2048K)
 Metaspace       used 74793K, committed 75520K, reserved 1179648K
  class space    used 8390K, committed 8704K, reserved 1048576K
}
Event: 19.759 GC heap after
{Heap after GC invocations=19 (full 0):
 garbage-first heap   total reserved 2066432K, committed 70656K, used 38913K [0x0000000081e00000, 0x0000000100000000)
  region size 1024K, 4 young (4096K), 4 survivors (4096K)
 Metaspace       used 74793K, committed 75520K, reserved 1179648K
  class space    used 8390K, committed 8704K, reserved 1048576K
}

Dll operation events (12 events):
Event: 0.030 Loaded shared library C:\Program Files\Java\jdk-24\bin\java.dll
Event: 0.348 Loaded shared library C:\Program Files\Java\jdk-24\bin\zip.dll
Event: 0.355 Loaded shared library C:\Program Files\Java\jdk-24\bin\instrument.dll
Event: 0.365 Loaded shared library C:\Program Files\Java\jdk-24\bin\net.dll
Event: 0.368 Loaded shared library C:\Program Files\Java\jdk-24\bin\nio.dll
Event: 0.374 Loaded shared library C:\Program Files\Java\jdk-24\bin\zip.dll
Event: 0.417 Loaded shared library C:\Program Files\Java\jdk-24\bin\jimage.dll
Event: 0.652 Loaded shared library C:\Program Files\Java\jdk-24\bin\extnet.dll
Event: 0.678 Loaded shared library C:\Program Files\Java\jdk-24\bin\management.dll
Event: 0.754 Loaded shared library C:\Program Files\Java\jdk-24\bin\management_ext.dll
Event: 6.532 Loaded shared library C:\Program Files\Java\jdk-24\bin\sunmscapi.dll
Event: 60.372 Loaded shared library C:\Users\PC\AppData\Local\Temp\idea_libasyncProfiler_dll_temp_folder\libasyncProfiler.dll

Deoptimization events (6 events):
Event: 10.169 Thread 0x00000226b76844b0 DEOPT PACKING pc=0x00000226c0688144 sp=0x000000a7b56fc1e0
Event: 10.169 Thread 0x00000226b76844b0 DEOPT UNPACKING pc=0x00000226bff75722 sp=0x000000a7b56fb6a0 mode 0
Event: 13.728 Thread 0x00000226b76844b0 DEOPT PACKING pc=0x00000226c0505a24 sp=0x000000a7b56f9b30
Event: 13.728 Thread 0x00000226b76844b0 DEOPT UNPACKING pc=0x00000226bff75722 sp=0x000000a7b56f9060 mode 0
Event: 14.157 Thread 0x000002270e7d52c0 DEOPT PACKING pc=0x00000226c080361c sp=0x000000a7b6cff1b0
Event: 14.157 Thread 0x000002270e7d52c0 DEOPT UNPACKING pc=0x00000226bff75722 sp=0x000000a7b6cfe648 mode 0

Classes loaded (20 events):
Event: 62.873 Loading class jdk/jfr/internal/MetadataWriter
Event: 62.874 Loading class jdk/jfr/internal/MetadataWriter done
Event: 62.874 Loading class jdk/jfr/internal/MetadataDescriptor$Element
Event: 62.875 Loading class jdk/jfr/internal/MetadataDescriptor$Element done
Event: 62.876 Loading class jdk/jfr/internal/MetadataDescriptor$Attribute
Event: 62.876 Loading class jdk/jfr/internal/MetadataDescriptor$Attribute done
Event: 62.912 Loading class jdk/jfr/internal/consumer/StringParser$Encoding
Event: 62.913 Loading class jdk/jfr/internal/consumer/StringParser$Encoding done
Event: 62.942 Loading class jdk/jfr/internal/consumer/RepositoryFiles
Event: 62.943 Loading class jdk/jfr/internal/consumer/RepositoryFiles done
Event: 62.952 Loading class jdk/jfr/internal/SettingsManager$InternalSetting
Event: 62.953 Loading class jdk/jfr/internal/SettingsManager$InternalSetting done
Event: 62.958 Loading class jdk/jfr/internal/util/Rate
Event: 62.959 Loading class jdk/jfr/internal/util/Rate done
Event: 62.959 Loading class jdk/jfr/internal/util/TimespanUnit
Event: 62.959 Loading class jdk/jfr/internal/util/TimespanUnit done
Event: 62.960 Loading class jdk/jfr/internal/util/ValueParser
Event: 62.960 Loading class jdk/jfr/internal/util/ValueParser done
Event: 62.964 Loading class jdk/jfr/internal/periodic/PeriodicType
Event: 62.964 Loading class jdk/jfr/internal/periodic/PeriodicType done

Classes unloaded (1 events):
Event: 11.145 Thread 0x00000226c8410db0 Unloading class 0x00000226ca080800 'java/lang/invoke/LambdaForm$MH+0x00000226ca080800'

Classes redefined (0 events):
No events

Internal exceptions (20 events):
Event: 18.341 Thread 0x00000226b76844b0 Exception <a 'java/io/IOException'{0x0000000084cd9f40}> (0x0000000084cd9f40) 
thrown [s\open\src\hotspot\share\prims\jni.cpp, line 518]
Event: 18.592 Thread 0x00000226b76844b0 Exception <a 'java/lang/NoSuchMethodError'{0x000000008484af60}: 'java.lang.Object java.lang.invoke.DirectMethodHandle$Holder.invokeVirtual(java.lang.Object, java.lang.Object, java.lang.Object, int)'> (0x000000008484af60) 
thrown [s\open\src\hotspot\share\interpreter\linkResolver.cpp, line 805]
Event: 18.701 Thread 0x00000226b76844b0 Exception <a 'java/lang/NoSuchMethodError'{0x00000000fff51aa8}: 'java.lang.Object java.lang.invoke.DirectMethodHandle$Holder.invokeVirtual(java.lang.Object, java.lang.Object, int)'> (0x00000000fff51aa8) 
thrown [s\open\src\hotspot\share\interpreter\linkResolver.cpp, line 805]
Event: 18.923 Thread 0x00000226b76844b0 Exception <a 'java/lang/IncompatibleClassChangeError'{0x00000000873b6b28}: Found class java.lang.Object, but interface was expected> (0x00000000873b6b28) 
thrown [s\open\src\hotspot\share\interpreter\linkResolver.cpp, line 872]
Event: 19.086 Thread 0x00000226b76844b0 Exception <a 'java/lang/NoSuchMethodError'{0x00000000858f6bd8}: 'int java.lang.invoke.DirectMethodHandle$Holder.invokeStaticInit(java.lang.Object, java.lang.Object, java.lang.Object, java.lang.Object)'> (0x00000000858f6bd8) 
thrown [s\open\src\hotspot\share\interpreter\linkResolver.cpp, line 805]
Event: 19.179 Thread 0x00000226b76844b0 Exception <a 'java/lang/NoSuchMethodError'{0x0000000085545b98}: 'java.lang.Object java.lang.invoke.DirectMethodHandle$Holder.invokeVirtual(java.lang.Object, java.lang.Object, java.lang.Object, java.lang.Object, java.lang.Object, java.lang.Object, java.lang.Object, java.lang.Object, java.lang.Object)'> (0x0000000085545b98) 
thrown [s\open\src\hotspot\share\interpreter\linkResolver.cpp, line 805]
Event: 19.296 Thread 0x00000226b76844b0 Exception <a 'java/lang/NoSuchMethodError'{0x000000008532a2e8}: 'java.lang.Object java.lang.invoke.DirectMethodHandle$Holder.invokeVirtual(java.lang.Object, java.lang.Object, java.lang.Object, java.lang.Object, java.lang.Object, java.lang.Object, java.lang.Object, java.lang.Object, java.lang.Object, java.lang.Object)'> (0x000000008532a2e8) 
thrown [s\open\src\hotspot\share\interpreter\linkResolver.cpp, line 805]
Event: 19.400 Thread 0x00000226b76844b0 Exception <a 'java/lang/NoSuchMethodError'{0x00000000852ebb40}: 'java.lang.Object java.lang.invoke.DirectMethodHandle$Holder.invokeStatic(java.lang.Object, java.lang.Object, java.lang.Object, java.lang.Object, java.lang.Object, java.lang.Object, java.lang.Object, java.lang.Object, java.lang.Object, java.lang.Object, java.lang.Object)'> (0x00000000852ebb40) 
thrown [s\open\src\hotspot\share\interpreter\linkResolver.cpp, line 805]
Event: 19.404 Thread 0x00000226b76844b0 Exception <a 'java/lang/NoSuchMethodError'{0x000000008511f1c0}: 'java.lang.Object java.lang.invoke.DirectMethodHandle$Holder.invokeStatic(java.lang.Object, java.lang.Object, java.lang.Object, java.lang.Object, java.lang.Object, java.lang.Object, java.lang.Object, java.lang.Object, java.lang.Object, java.lang.Object, java.lang.Object, java.lang.Object)'> (0x000000008511f1c0) 
thrown [s\open\src\hotspot\share\interpreter\linkResolver.cpp, line 805]
Event: 19.588 Thread 0x00000226b76844b0 Exception <a 'java/lang/IncompatibleClassChangeError'{0x0000000084fd31b0}: Found class java.lang.Object, but interface was expected> (0x0000000084fd31b0) 
thrown [s\open\src\hotspot\share\interpreter\linkResolver.cpp, line 872]
Event: 19.701 Thread 0x00000226b76844b0 Exception <a 'java/lang/NoSuchMethodError'{0x0000000084c3f460}: 'java.lang.Object java.lang.invoke.DirectMethodHandle$Holder.newInvokeSpecial(java.lang.Object, java.lang.Object, java.lang.Object, java.lang.Object, java.lang.Object, java.lang.Object, java.lang.Object, java.lang.Object, java.lang.Object, java.lang.Object, java.lang.Object, java.lang.Object, java.lang.Object)'> (0x0000000084c3f460) 
thrown [s\open\src\hotspot\share\interpreter\linkResolver.cpp, line 805]
Event: 19.804 Thread 0x00000226b76844b0 Exception <a 'java/lang/NoSuchMethodError'{0x0000000089d5f878}: 'void java.lang.invoke.DirectMethodHandle$Holder.invokeVirtual(java.lang.Object, java.lang.Object, float)'> (0x0000000089d5f878) 
thrown [s\open\src\hotspot\share\interpreter\linkResolver.cpp, line 805]
Event: 19.884 Thread 0x00000226b76844b0 Exception <a 'java/lang/NoClassDefFoundError'{0x000000008754cb98}: org/springframework/data/util/TypeInformation> (0x000000008754cb98) 
thrown [s\open\src\hotspot\share\classfile\systemDictionary.cpp, line 316]
Event: 19.938 Thread 0x00000226b76844b0 Exception <a 'java/lang/NoSuchMethodError'{0x00000000874d0888}: 'java.lang.Object java.lang.invoke.DirectMethodHandle$Holder.newInvokeSpecial(java.lang.Object, java.lang.Object, int, java.lang.Object, java.lang.Object)'> (0x00000000874d0888) 
thrown [s\open\src\hotspot\share\interpreter\linkResolver.cpp, line 805]
Event: 20.282 Thread 0x000002270e7eff90 Exception <a 'java/lang/NoSuchMethodError'{0x0000000085a36db8}: 'java.lang.Object java.lang.invoke.DirectMethodHandle$Holder.invokeInterface(java.lang.Object, java.lang.Object, java.lang.Object, java.lang.Object, java.lang.Object, java.lang.Object, java.lang.Object)'> (0x0000000085a36db8) 
thrown [s\open\src\hotspot\share\interpreter\linkResolver.cpp, line 805]
Event: 62.815 Thread 0x00000226c8424c20 Exception <a 'java/lang/NoSuchMethodError'{0x0000000085239f00}: 'void java.lang.invoke.DirectMethodHandle$Holder.invokeSpecial(java.lang.Object, java.lang.Object, int)'> (0x0000000085239f00) 
thrown [s\open\src\hotspot\share\interpreter\linkResolver.cpp, line 805]
Event: 62.815 Thread 0x00000226c8424c20 Exception <a 'java/lang/NoSuchMethodError'{0x0000000085241b20}: 'void java.lang.invoke.Invokers$Holder.invokeExact_MT(java.lang.Object, int, java.lang.Object)'> (0x0000000085241b20) 
thrown [s\open\src\hotspot\share\interpreter\linkResolver.cpp, line 805]
Event: 62.842 Thread 0x00000226c8424c20 Exception <a 'sun/nio/fs/WindowsException'{0x000000008529ec30}> (0x000000008529ec30) 
thrown [s\open\src\hotspot\share\prims\jni.cpp, line 518]
Event: 62.855 Thread 0x00000226c8424c20 Exception <a 'sun/nio/fs/WindowsException'{0x00000000852aba60}> (0x00000000852aba60) 
thrown [s\open\src\hotspot\share\prims\jni.cpp, line 518]
Event: 62.864 Thread 0x00000226c8424c20 Exception <a 'sun/nio/fs/WindowsException'{0x00000000852bd780}> (0x00000000852bd780) 
thrown [s\open\src\hotspot\share\prims\jni.cpp, line 518]

VM Operations (20 events):
Event: 18.799 Executing VM operation: HandshakeAllThreads (Deoptimize)
Event: 18.799 Executing VM operation: HandshakeAllThreads (Deoptimize) done
Event: 18.804 Executing VM operation: HandshakeAllThreads (Deoptimize)
Event: 18.804 Executing VM operation: HandshakeAllThreads (Deoptimize) done
Event: 18.805 Executing VM operation: HandshakeAllThreads (Deoptimize)
Event: 18.806 Executing VM operation: HandshakeAllThreads (Deoptimize) done
Event: 18.951 Executing VM operation: HandshakeAllThreads (Deoptimize)
Event: 18.951 Executing VM operation: HandshakeAllThreads (Deoptimize) done
Event: 19.045 Executing VM operation: HandshakeAllThreads (Deoptimize)
Event: 19.045 Executing VM operation: HandshakeAllThreads (Deoptimize) done
Event: 19.753 Executing VM operation: G1CollectForAllocation (G1 Evacuation Pause)
Event: 19.759 Executing VM operation: G1CollectForAllocation (G1 Evacuation Pause) done
Event: 20.288 Executing VM operation: HandshakeAllThreads (Deoptimize)
Event: 20.288 Executing VM operation: HandshakeAllThreads (Deoptimize) done
Event: 60.064 Executing VM operation: HandshakeAllThreads (HandshakeForDeflation)
Event: 60.064 Executing VM operation: HandshakeAllThreads (HandshakeForDeflation) done
Event: 60.064 Executing VM operation: RendezvousGCThreads
Event: 60.064 Executing VM operation: RendezvousGCThreads done
Event: 62.944 Executing VM operation: JFRSafepointClear
Event: 62.944 Executing VM operation: JFRSafepointClear done

Memory protections (0 events):
No events

Nmethod flushes (20 events):
Event: 14.681 Thread 0x00000226c8410db0 flushing  nmethod 0x00000226c0601188
Event: 14.681 Thread 0x00000226c8410db0 flushing  nmethod 0x00000226c0687e08
Event: 17.144 Thread 0x00000226c8410db0 flushing  nmethod 0x00000226c029dd88
Event: 17.144 Thread 0x00000226c8410db0 flushing  nmethod 0x00000226c06deb88
Event: 17.144 Thread 0x00000226c8410db0 flushing  nmethod 0x00000226c0778588
Event: 17.144 Thread 0x00000226c8410db0 flushing  nmethod 0x00000226c0264b08
Event: 17.144 Thread 0x00000226c8410db0 flushing  nmethod 0x00000226c0803488
Event: 17.144 Thread 0x00000226c8410db0 flushing  nmethod 0x00000226c0865c88
Event: 17.144 Thread 0x00000226c8410db0 flushing  nmethod 0x00000226c0384b88
Event: 17.144 Thread 0x00000226c8410db0 flushing  nmethod 0x00000226c05fdc08
Event: 17.144 Thread 0x00000226c8410db0 flushing  nmethod 0x00000226c06d9a88
Event: 17.144 Thread 0x00000226c8410db0 flushing  nmethod 0x00000226c07a1288
Event: 17.144 Thread 0x00000226c8410db0 flushing  nmethod 0x00000226c0335f88
Event: 17.144 Thread 0x00000226c8410db0 flushing  nmethod 0x00000226c06f4208
Event: 17.144 Thread 0x00000226c8410db0 flushing  nmethod 0x00000226c030b608
Event: 17.144 Thread 0x00000226c8410db0 flushing  nmethod 0x00000226c0505088
Event: 17.144 Thread 0x00000226c8410db0 flushing  nmethod 0x00000226c07f2a88
Event: 17.144 Thread 0x00000226c8410db0 flushing  nmethod 0x00000226c018eb88
Event: 17.144 Thread 0x00000226c8410db0 flushing  nmethod 0x00000226c0614588
Event: 17.144 Thread 0x00000226c8410db0 flushing  nmethod 0x00000226c0771108

Events (20 events):
Event: 19.954 Thread 0x00000226b76844b0 Thread added: 0x000002270f6ef170
Event: 19.954 Thread 0x00000226b76844b0 Thread added: 0x000002270f6ebe40
Event: 19.954 Thread 0x00000226b76844b0 Thread added: 0x000002270f6ecce0
Event: 19.954 Thread 0x00000226b76844b0 Thread added: 0x000002270f6ee2d0
Event: 19.973 Thread 0x00000226b76844b0 Thread added: 0x000002270f6ed430
Event: 19.975 Thread 0x00000226b76844b0 Thread added: 0x000002270f6edb80
Event: 19.996 Thread 0x00000226b76844b0 Thread exited: 0x00000226b76844b0
Event: 19.997 Thread 0x0000022710991c60 Thread added: 0x0000022710991c60
Event: 20.269 Thread 0x000002270e7d52c0 Thread added: 0x0000022710995e30
Event: 20.275 Thread 0x0000022710995e30 Thread exited: 0x0000022710995e30
Event: 20.275 Thread 0x000002270f6e9260 Thread exited: 0x000002270f6e9260
Event: 20.276 Thread 0x000002270e7eff90 Thread added: 0x0000022710990670
Event: 20.290 Thread 0x0000022710990670 Thread exited: 0x0000022710990670
Event: 20.292 Thread 0x000002270e7eff90 Thread added: 0x0000022710991510
Event: 20.300 Thread 0x0000022710991510 Thread exited: 0x0000022710991510
Event: 22.986 Thread 0x000002270f05a6e0 Thread exited: 0x000002270f05a6e0
Event: 22.987 Thread 0x00000226c8507de0 Thread exited: 0x00000226c8507de0
Event: 22.987 Thread 0x00000226c850a580 Thread exited: 0x00000226c850a580
Event: 62.398 Thread 0x00000226c8424c20 Thread added: 0x0000022710992b00
Event: 62.828 Thread 0x00000226c8424c20 Thread added: 0x000002271098ff20


Dynamic libraries:
0x00007ff634e40000 - 0x00007ff634e50000 	C:\Program Files\Java\jdk-24\bin\java.exe
0x00007ffc76470000 - 0x00007ffc76668000 	C:\Windows\SYSTEM32\ntdll.dll
0x00007ffc75bb0000 - 0x00007ffc75c72000 	C:\Windows\System32\KERNEL32.DLL
0x00007ffc73c50000 - 0x00007ffc73f46000 	C:\Windows\System32\KERNELBASE.dll
0x00007ffc740a0000 - 0x00007ffc741a0000 	C:\Windows\System32\ucrtbase.dll
0x00007ffc5eac0000 - 0x00007ffc5eadb000 	C:\Program Files\Java\jdk-24\bin\VCRUNTIME140.dll
0x00007ffc5ebd0000 - 0x00007ffc5ebe6000 	C:\Program Files\Java\jdk-24\bin\jli.dll
0x00007ffc75f90000 - 0x00007ffc76131000 	C:\Windows\System32\USER32.dll
0x00007ffc61b40000 - 0x00007ffc61ddb000 	C:\Windows\WinSxS\amd64_microsoft.windows.common-controls_6595b64144ccf1df_6.0.19041.6456_none_60b8a6cb71f64256\COMCTL32.dll
0x00007ffc73f50000 - 0x00007ffc73f72000 	C:\Windows\System32\win32u.dll
0x00007ffc74a80000 - 0x00007ffc74b1e000 	C:\Windows\System32\msvcrt.dll
0x00007ffc75c80000 - 0x00007ffc75cab000 	C:\Windows\System32\GDI32.dll
0x00007ffc73f80000 - 0x00007ffc74099000 	C:\Windows\System32\gdi32full.dll
0x00007ffc73b00000 - 0x00007ffc73b9d000 	C:\Windows\System32\msvcp_win.dll
0x00007ffc746f0000 - 0x00007ffc7471f000 	C:\Windows\System32\IMM32.DLL
0x00007ffc6d900000 - 0x00007ffc6d90c000 	C:\Program Files\Java\jdk-24\bin\vcruntime140_1.dll
0x00007ffc4fcf0000 - 0x00007ffc4fd7e000 	C:\Program Files\Java\jdk-24\bin\msvcp140.dll
0x00007ffc57690000 - 0x00007ffc58432000 	C:\Program Files\Java\jdk-24\bin\server\jvm.dll
0x00007ffc75220000 - 0x00007ffc752d1000 	C:\Windows\System32\ADVAPI32.dll
0x00007ffc75390000 - 0x00007ffc7542f000 	C:\Windows\System32\sechost.dll
0x00007ffc75de0000 - 0x00007ffc75f00000 	C:\Windows\System32\RPCRT4.dll
0x00007ffc73c20000 - 0x00007ffc73c47000 	C:\Windows\System32\bcrypt.dll
0x00007ffc74cd0000 - 0x00007ffc74d3b000 	C:\Windows\System32\WS2_32.dll
0x00007ffc73840000 - 0x00007ffc7388b000 	C:\Windows\SYSTEM32\POWRPROF.dll
0x00007ffc5d120000 - 0x00007ffc5d147000 	C:\Windows\SYSTEM32\WINMM.dll
0x00007ffc66b10000 - 0x00007ffc66b1a000 	C:\Windows\SYSTEM32\VERSION.dll
0x00007ffc73820000 - 0x00007ffc73832000 	C:\Windows\SYSTEM32\UMPDC.dll
0x00007ffc71930000 - 0x00007ffc71942000 	C:\Windows\SYSTEM32\kernel.appcore.dll
0x00007ffc63a30000 - 0x00007ffc63a3a000 	C:\Program Files\Java\jdk-24\bin\jimage.dll
0x00007ffc5ca30000 - 0x00007ffc5cc31000 	C:\Windows\SYSTEM32\DBGHELP.DLL
0x00007ffc5c980000 - 0x00007ffc5c9b4000 	C:\Windows\SYSTEM32\dbgcore.DLL
0x00007ffc74350000 - 0x00007ffc743d2000 	C:\Windows\System32\bcryptPrimitives.dll
0x00007ffc6f780000 - 0x00007ffc6f78f000 	C:\Program Files\Java\jdk-24\bin\instrument.dll
0x00007ffc58540000 - 0x00007ffc5855e000 	C:\Program Files\Java\jdk-24\bin\java.dll
0x00007ffc75cb0000 - 0x00007ffc75ddb000 	C:\Windows\System32\ole32.dll
0x00007ffc74720000 - 0x00007ffc74a74000 	C:\Windows\System32\combase.dll
0x00007ffc75440000 - 0x00007ffc75bb0000 	C:\Windows\System32\SHELL32.dll
0x00007ffc71b30000 - 0x00007ffc722d5000 	C:\Windows\SYSTEM32\windows.storage.dll
0x00007ffc73370000 - 0x00007ffc7339b000 	C:\Windows\SYSTEM32\Wldp.dll
0x00007ffc76280000 - 0x00007ffc7634d000 	C:\Windows\System32\OLEAUT32.dll
0x00007ffc74640000 - 0x00007ffc746ed000 	C:\Windows\System32\SHCORE.dll
0x00007ffc74d50000 - 0x00007ffc74dab000 	C:\Windows\System32\shlwapi.dll
0x00007ffc73a30000 - 0x00007ffc73a54000 	C:\Windows\SYSTEM32\profapi.dll
0x00007ffc55e40000 - 0x00007ffc55e57000 	C:\Program Files\Java\jdk-24\bin\zip.dll
0x00007ffc55e80000 - 0x00007ffc55e90000 	C:\Program Files\Java\jdk-24\bin\net.dll
0x00007ffc73150000 - 0x00007ffc731ba000 	C:\Windows\system32\mswsock.dll
0x00007ffc55e60000 - 0x00007ffc55e76000 	C:\Program Files\Java\jdk-24\bin\nio.dll
0x00007ffc72e90000 - 0x00007ffc72f5a000 	C:\Windows\SYSTEM32\DNSAPI.dll
0x00007ffc72e50000 - 0x00007ffc72e8b000 	C:\Windows\SYSTEM32\IPHLPAPI.DLL
0x00007ffc75430000 - 0x00007ffc75438000 	C:\Windows\System32\NSI.dll
0x0000000068060000 - 0x0000000068086000 	C:\Program Files\Bonjour\mdnsNSP.dll
0x00007ffc6bb20000 - 0x00007ffc6bb2a000 	C:\Windows\System32\rasadhlp.dll
0x00007ffc675c0000 - 0x00007ffc67640000 	C:\Windows\System32\fwpuclnt.dll
0x00007ffc47250000 - 0x00007ffc47259000 	C:\Program Files\Java\jdk-24\bin\extnet.dll
0x00007ffc52590000 - 0x00007ffc5259a000 	C:\Program Files\Java\jdk-24\bin\management.dll
0x00007ffc52580000 - 0x00007ffc5258b000 	C:\Program Files\Java\jdk-24\bin\management_ext.dll
0x00007ffc74550000 - 0x00007ffc74558000 	C:\Windows\System32\PSAPI.DLL
0x00007ffc736c0000 - 0x00007ffc736d8000 	C:\Windows\SYSTEM32\CRYPTSP.dll
0x00007ffc72a90000 - 0x00007ffc72ac8000 	C:\Windows\system32\rsaenh.dll
0x00007ffc739f0000 - 0x00007ffc73a1e000 	C:\Windows\SYSTEM32\USERENV.dll
0x00007ffc732e0000 - 0x00007ffc732ec000 	C:\Windows\SYSTEM32\CRYPTBASE.dll
0x00007ffc57410000 - 0x00007ffc57427000 	C:\Windows\system32\napinsp.dll
0x00007ffc56590000 - 0x00007ffc565ab000 	C:\Windows\system32\pnrpnsp.dll
0x00007ffc6fa50000 - 0x00007ffc6fa6d000 	C:\Windows\system32\wshbth.dll
0x00007ffc6eec0000 - 0x00007ffc6eedd000 	C:\Windows\system32\NLAapi.dll
0x00007ffc56570000 - 0x00007ffc56582000 	C:\Windows\System32\winrnr.dll
0x00007ffc5c9c0000 - 0x00007ffc5ca11000 	C:\Windows\SYSTEM32\pdh.dll
0x00007ffc6f820000 - 0x00007ffc6f82f000 	C:\Windows\System32\perfproc.dll
0x00007ffc597a0000 - 0x00007ffc597af000 	C:\Windows\System32\perfos.dll
0x00007ffc47260000 - 0x00007ffc4726e000 	C:\Program Files\Java\jdk-24\bin\sunmscapi.dll
0x00007ffc741a0000 - 0x00007ffc742fd000 	C:\Windows\System32\CRYPT32.dll
0x00007ffc733e0000 - 0x00007ffc73407000 	C:\Windows\SYSTEM32\ncrypt.dll
0x00007ffc733a0000 - 0x00007ffc733db000 	C:\Windows\SYSTEM32\NTASN1.dll
0x00007ffc56470000 - 0x00007ffc56477000 	C:\Windows\system32\wshunix.dll
0x00007ffbe8250000 - 0x00007ffbe845e000 	C:\Users\PC\AppData\Local\Temp\idea_libasyncProfiler_dll_temp_folder\libasyncProfiler.dll

JVMTI agents:
C:\Program Files\JetBrains\IntelliJ IDEA 2024.3.5\lib\idea_rt.jar path:C:\Program Files\Java\jdk-24\bin\instrument.dll, loaded, initialized, instrumentlib options:63590

dbghelp: loaded successfully - version: 4.0.5 - missing functions: none
symbol engine: initialized successfully - sym options: 0x614 - pdb path: .;C:\Program Files\Java\jdk-24\bin;C:\Windows\SYSTEM32;C:\Windows\WinSxS\amd64_microsoft.windows.common-controls_6595b64144ccf1df_6.0.19041.6456_none_60b8a6cb71f64256;C:\Program Files\Java\jdk-24\bin\server;C:\Program Files\Bonjour;C:\Users\PC\AppData\Local\Temp\idea_libasyncProfiler_dll_temp_folder

VM Arguments:
jvm_args: -XX:TieredStopAtLevel=1 -Dspring.output.ansi.enabled=always -Dcom.sun.management.jmxremote -Dspring.jmx.enabled=true -Dspring.liveBeansView.mbeanDomain -Dspring.application.admin.enabled=true -Dmanagement.endpoints.jmx.exposure.include=* -javaagent:C:\Program Files\JetBrains\IntelliJ IDEA 2024.3.5\lib\idea_rt.jar=63590 -Dfile.encoding=UTF-8 -Dsun.stdout.encoding=UTF-8 -Dsun.stderr.encoding=UTF-8 
java_command: com.restaurant.menuservice.MenuServiceApplication
java_class_path (initial): C:\Users\PC\Downloads\menu-service\menu-service\target\classes;C:\Users\PC\.m2\repository\org\springframework\boot\spring-boot-starter-data-jpa\4.0.1\spring-boot-starter-data-jpa-4.0.1.jar;C:\Users\PC\.m2\repository\org\springframework\boot\spring-boot-starter\4.0.1\spring-boot-starter-4.0.1.jar;C:\Users\PC\.m2\repository\org\springframework\boot\spring-boot-starter-logging\4.0.1\spring-boot-starter-logging-4.0.1.jar;C:\Users\PC\.m2\repository\ch\qos\logback\logback-classic\1.5.22\logback-classic-1.5.22.jar;C:\Users\PC\.m2\repository\ch\qos\logback\logback-core\1.5.22\logback-core-1.5.22.jar;C:\Users\PC\.m2\repository\org\apache\logging\log4j\log4j-to-slf4j\2.25.3\log4j-to-slf4j-2.25.3.jar;C:\Users\PC\.m2\repository\org\apache\logging\log4j\log4j-api\2.25.3\log4j-api-2.25.3.jar;C:\Users\PC\.m2\repository\org\slf4j\jul-to-slf4j\2.0.17\jul-to-slf4j-2.0.17.jar;C:\Users\PC\.m2\repository\org\springframework\boot\spring-boot-autoconfigure\4.0.1\spring-boot-autoconfigure-4.0.1.jar;C:\Users\PC\.m2\repository\jakarta\annotation\jakarta.annotation-api\3.0.0\jakarta.annotation-api-3.0.0.jar;C:\Users\PC\.m2\repository\org\yaml\snakeyaml\2.5\snakeyaml-2.5.jar;C:\Users\PC\.m2\repository\org\springframework\boot\spring-boot-starter-jdbc\4.0.1\spring-boot-starter-jdbc-4.0.1.jar;C:\Users\PC\.m2\repository\com\zaxxer\HikariCP\7.0.2\HikariCP-7.0.2.jar;C:\Users\PC\.m2\repository\org\slf4j\slf4j-api\2.0.17\slf4j-api-2.0.17.jar;C:\Users\PC\.m2\repository\org\springframework\boot\spring-boot-data-jpa\4.0.1\spring-boot-data-jpa-4.0.1.jar;C:\Users\PC\.m2\repository\org\springframework\boot\spring-boot-data-commons\4.0.1\spring-boot-data-commons-4.0.1.jar;C:\Users\PC\.m2\repository\org\springframework\boot\spring-boot-persistence\4.0.1\spring-boot-persistence-4.0.1.jar;C:\Users\PC\.m2\repository\org\springframework\data\spring-data-commons\4.0.1\spring-data-commons-4.0.1.jar;C:\Users\PC\.m2\repository\org\springframework\boot\spring-boot-hibernate\4.0.1\spring-boot-hibernate-4.0.1.jar;C:\Users\PC\.m2\repository\org\springframework\boot\spring-boot-jpa\4.0.1\spring-boot-jpa-4.0.1.jar;C:\Users\PC\.m2\repository\jakarta\persistence\jakarta.persistence-api\3.2.0\jakarta.persistence-api-3.2.0.jar;C:\Users\PC\.m2\repository\org\hibernate\orm\hibernate-core\7.2.0.Final\hibernate-core-7.2.0.Final.jar;C:\Users\PC\.m2\repository\jakarta\transaction\jakarta.transaction-api\2.0.1\jakarta.transaction-api-2.0.1.jar;C:\Users\PC\.m2\repository\org\jboss\logging\jboss-logging\3.6.1.Final\jboss-logging-3.6.1.Final.jar;C:\Users\PC\.m2\repository\org\hibernate\models\hibernate-models\1.0.1\hibernate-models-1.0.1.jar;C:\Users\PC\.m2\repository\com\fasterxml\classmate\1.7.1\classmate-1.7.1.jar;C:\Users\PC\.m2\repository\org\glassfish\jaxb\jaxb-runtime\4.0.6\jaxb-runtime-4.0.6.jar;C:\Users\PC\.m2\repository\org\glassfish\jaxb\jaxb-core\4.0.6\jaxb-core-4.0.6.jar;C:\Users\PC\.m2\repository\org\eclipse\angus\angus-activation\2.0.3\angus-activation-2.0.3.jar;C:\Users\PC\.m2\repository\org\glassfish\jaxb\txw2\4.0.6\txw2-4.0.6.jar;C:\Users\PC\.m2\repository\com\sun\istack\istack-commons-runtime\4.1.2\istack-commons-runtime-4.1.2.jar;C:\Users\PC\.m2\repository\jakarta\inject\jakarta.inject-api\2.0.1\jakarta.inject-api-2.0.1.jar;C:\Users\PC\.m2\repository\org\springframework\spring-orm\7.0.2\spring-orm-7.0.2.jar;C:\Users\PC\.m2\repository\org\springframework\data\spring-data-jpa\4.0.1\spring-data-jpa-4.0.1.jar;C:\Users\PC\.m2\repository\org\springframework\spring-context\7.0.2\spring-context-7.0.2.jar;C:\Users\PC\.m2\repository\org\springframework\spring-aop\7.0.2\spring-aop-7.0.2.jar;C:\Users\PC\.m2\repository\org\springframework\spring-tx\7.0.2\spring-tx-7.0.2.jar;C:\Users\PC\.m2\repository\org\springframework\spring-beans\7.0.2\spring-beans-7.0.2.jar;C:\Users\PC\.m2\repository\org\antlr\antlr4-runtime\4.13.2\antlr4-runtime-4.13.2.jar;C:\Users\PC\.m2\repository\org\springframework\spring-aspects\7.0.2\spring-aspects-7.0.2.jar;C:\Users\PC\.m2\repository\org\aspectj\aspectjweaver\1.9.25.1\aspectjweaver-1.9.25.1.jar;C:\Users\PC\.m2\repository\org\springframework\boot\spring-boot-jdbc\4.0.1\spring-boot-jdbc-4.0.1.jar;C:\Users\PC\.m2\repository\org\springframework\boot\spring-boot\4.0.1\spring-boot-4.0.1.jar;C:\Users\PC\.m2\repository\org\springframework\boot\spring-boot-sql\4.0.1\spring-boot-sql-4.0.1.jar;C:\Users\PC\.m2\repository\org\springframework\boot\spring-boot-transaction\4.0.1\spring-boot-transaction-4.0.1.jar;C:\Users\PC\.m2\repository\org\springframework\spring-jdbc\7.0.2\spring-jdbc-7.0.2.jar;C:\Users\PC\.m2\repository\org\springframework\boot\spring-boot-starter-kafka\4.0.1\spring-boot-starter-kafka-4.0.1.jar;C:\Users\PC\.m2\repository\org\springframework\boot\spring-boot-kafka\4.0.1\spring-boot-kafka-4.0.1.jar;C:\Users\PC\.m2\repository\org\springframework\kafka\spring-kafka\4.0.1\spring-kafka-4.0.1.jar;C:\Users\PC\.m2\repository\org\springframework\spring-messaging\7.0.2\spring-messaging-7.0.2.jar;C:\Users\PC\.m2\repository\org\apache\kafka\kafka-clients\4.1.1\kafka-clients-4.1.1.jar;C:\Users\PC\.m2\repository\com\github\luben\zstd-jni\1.5.6-10\zstd-jni-1.5.6-10.jar;C:\Users\PC\.m2\repository\org\lz4\lz4-java\1.8.0\lz4-java-1.8.0.jar;C:\Users\PC\.m2\repository\org\xerial\snappy\snappy-java\1.1.10.7\snappy-java-1.1.10.7.jar;C:\Users\PC\.m2\repository\io\micrometer\micrometer-observation\1.16.1\micrometer-observation-1.16.1.jar;C:\Users\PC\.m2\repository\io\micrometer\micrometer-commons\1.16.1\micrometer-commons-1.16.1.jar;C:\Users\PC\.m2\repository\org\springframework\boot\spring-boot-starter-webmvc\4.0.1\spring-boot-starter-webmvc-4.0.1.jar;C:\Users\PC\.m2\repository\org\springframework\boot\spring-boot-starter-jackson\4.0.1\spring-boot-starter-jackson-4.0.1.jar;C:\Users\PC\.m2\repository\org\springframework\boot\spring-boot-jackson\4.0.1\spring-boot-jackson-4.0.1.jar;C:\Users\PC\.m2\repository\tools\jackson\core\jackson-databind\3.0.3\jackson-databind-3.0.3.jar;C:\Users\PC\.m2\repository\com\fasterxml\jackson\core\jackson-annotations\2.20\jackson-annotations-2.20.jar;C:\Users\PC\.m2\repository\tools\jackson\core\jackson-core\3.0.3\jackson-core-3.0.3.jar;C:\Users\PC\.m2\repository\org\springframework\boot\spring-boot-starter-tomcat\4.0.1\spring-boot-starter-tomcat-4.0.1.jar;C:\Users\PC\.m2\repository\org\springframework\boot\spring-boot-starter-tomcat-runtime\4.0.1\spring-boot-starter-tomcat-runtime-4.0.1.jar;C:\Users\PC\.m2\repository\org\apache\tomcat\embed\tomcat-embed-core\11.0.15\tomcat-embed-core-11.0.15.jar;C:\Users\PC\.m2\repository\org\apache\tomcat\embed\tomcat-embed-el\11.0.15\tomcat-embed-el-11.0.15.jar;C:\Users\PC\.m2\repository\org\apache\tomcat\embed\tomcat-embed-websocket\11.0.15\tomcat-embed-websocket-11.0.15.jar;C:\Users\PC\.m2\repository\org\springframework\boot\spring-boot-tomcat\4.0.1\spring-boot-tomcat-4.0.1.jar;C:\Users\PC\.m2\repository\org\springframework\boot\spring-boot-http-converter\4.0.1\spring-boot-http-converter-4.0.1.jar;C:\Users\PC\.m2\repository\org\springframework\spring-web\7.0.2\spring-web-7.0.2.jar;C:\Users\PC\.m2\repository\org\springframework\boot\spring-boot-webmvc\4.0.1\spring-boot-webmvc-4.0.1.jar;C:\Users\PC\.m2\repository\org\springframework\boot\spring-boot-servlet\4.0.1\spring-boot-servlet-4.0.1.jar;C:\Users\PC\.m2\repository\org\springframework\spring-webmvc\7.0.2\spring-webmvc-7.0.2.jar;C:\Users\PC\.m2\repository\org\springframework\spring-expression\7.0.2\spring-expression-7.0.2.jar;C:\Users\PC\.m2\repository\org\springdoc\springdoc-openapi-starter-webmvc-ui\2.5.0\springdoc-openapi-starter-webmvc-ui-2.5.0.jar;C:\Users\PC\.m2\repository\org\springdoc\springdoc-openapi-starter-webmvc-api\2.5.0\springdoc-openapi-starter-webmvc-api-2.5.0.jar;C:\Users\PC\.m2\repository\org\springdoc\springdoc-openapi-starter-common\2.5.0\springdoc-openapi-starter-common-2.5.0.jar;C:\Users\PC\.m2\repository\io\swagger\core\v3\swagger-core-jakarta\2.2.21\swagger-core-jakarta-2.2.21.jar;C:\Users\PC\.m2\repository\org\apache\commons\commons-lang3\3.19.0\commons-lang3-3.19.0.jar;C:\Users\PC\.m2\repository\io\swagger\core\v3\swagger-annotations-jakarta\2.2.21\swagger-annotations-jakarta-2.2.21.jar;C:\Users\PC\.m2\repository\io\swagger\core\v3\swagger-models-jakarta\2.2.21\swagger-models-jakarta-2.2.21.jar;C:\Users\PC\.m2\repository\jakarta\validation\jakarta.validation-api\3.1.1\jakarta.validation-api-3.1.1.jar;C:\Users\PC\.m2\repository\com\fasterxml\jackson\core\jackson-databind\2.20.1\jackson-databind-2.20.1.jar;C:\Users\PC\.m2\repository\com\fasterxml\jackson\core\jackson-core\2.20.1\jackson-core-2.20.1.jar;C:\Users\PC\.m2\repository\com\fasterxml\jackson\dataformat\jackson-dataformat-yaml\2.20.1\jackson-dataformat-yaml-2.20.1.jar;C:\Users\PC\.m2\repository\com\fasterxml\jackson\datatype\jackson-datatype-jsr310\2.20.1\jackson-datatype-jsr310-2.20.1.jar;C:\Users\PC\.m2\repository\org\webjars\swagger-ui\5.13.0\swagger-ui-5.13.0.jar;C:\Users\PC\.m2\repository\com\mysql\mysql-connector-j\9.5.0\mysql-connector-j-9.5.0.jar;C:\Users\PC\.m2\repository\jakarta\xml\bind\jakarta.xml.bind-api\4.0.4\jakarta.xml.bind-api-4.0.4.jar;C:\Users\PC\.m2\repository\jakarta\activation\jakarta.activation-api\2.1.4\jakarta.activation-api-2.1.4.jar;C:\Users\PC\.m2\repository\net\bytebuddy\byte-buddy\1.17.8\byte-buddy-1.17.8.jar;C:\Users\PC\.m2\repository\org\springframework\spring-core\7.0.2\spring-core-7.0.2.jar;C:\Users\PC\.m2\repository\commons-logging\commons-logging\1.3.5\commons-logging-1.3.5.jar;C:\Users\PC\.m2\repository\org\jspecify\jspecify\1.0.0\jspecify-1.0.0.jar;C:\Users\PC\.m2\repository\org\projectlombok\lombok\1.18.42\lombok-1.18.42.jar;C:\Users\PC\.m2\repository\org\springframework\boot\spring-boot-web-server\4.0.1\spring-boot-web-server-4.0.1.jar
Launcher Type: SUN_STANDARD

[Global flags]
     intx CICompilerCount                          = 4                                         {product} {ergonomic}
     uint ConcGCThreads                            = 2                                         {product} {ergonomic}
     bool FlightRecorder                           = true                                      {product} {management}
     uint G1ConcRefinementThreads                  = 8                                         {product} {ergonomic}
   size_t G1HeapRegionSize                         = 1048576                                   {product} {ergonomic}
   size_t InitialHeapSize                          = 134217728                                 {product} {ergonomic}
     bool ManagementServer                         = true                                      {product} {command line}
   size_t MarkStackSize                            = 4194304                                   {product} {ergonomic}
   size_t MarkStackSizeMax                         = 536870912                                 {product} {ergonomic}
   size_t MaxHeapSize                              = 2116026368                                {product} {ergonomic}
   size_t MaxNewSize                               = 1268776960                                {product} {ergonomic}
   size_t MinHeapDeltaBytes                        = 1048576                                   {product} {ergonomic}
   size_t MinHeapSize                              = 8388608                                   {product} {ergonomic}
    uintx NonNMethodCodeHeapSize                   = 4096                                   {pd product} {ergonomic}
    uintx NonProfiledCodeHeapSize                  = 0                                      {pd product} {ergonomic}
     bool ProfileInterpreter                       = false                                  {pd product} {command line}
    uintx ProfiledCodeHeapSize                     = 0                                      {pd product} {ergonomic}
   size_t SoftMaxHeapSize                          = 2116026368                             {manageable} {ergonomic}
     intx TieredStopAtLevel                        = 1                                         {product} {command line}
     bool UseCompressedOops                        = true                           {product lp64_product} {ergonomic}
     bool UseG1GC                                  = true                                      {product} {ergonomic}
     bool UseLargePagesIndividualAllocation        = false                                  {pd product} {ergonomic}

Logging:
Log output configuration:
 #0: stdout all=warning uptime,level,tags foldmultilines=false
 #1: stderr all=off uptime,level,tags foldmultilines=false

Environment Variables:
JAVA_HOME=C:\Program Files\Java\jdk-24
PATH=C:\Program Files\Apache\Maven\apache-maven-3.9.12\bin;C:\Windows\System32;C:\Windows;C:\Windows\System32\Wbem;C:\Program Files\Java\jdk-24\bin;C:\Program Files\Java\jdk-21\bin;C:\Program Files\Eclipse Adoptium\jdk-11.0.29.7-hotspot\bin;C:\Program Files\Eclipse Adoptium\jdk-17.0.17.10-hotspot\bin;C:\Program Files\Docker\Docker\resources\bin;C:\Program Files\Git\bin;C:\Program Files\Git\cmd;C:\Program Files\MySQL\MySQL Shell 8.0\bin\;C:\Users\PC\AppData\Local\Programs\Python\Python314\Scripts\;C:\Users\PC\AppData\Local\Programs\Python\Python314\;C:\Users\PC\AppData\Local\Microsoft\WindowsApps;C:\Users\PC\AppData\Local\Programs\Microsoft VS Code\bin;C:\Program Files\JetBrains\IntelliJ IDEA 2024.3.5\bin;;C:\Program Files\MongoDB\Server\8.0\bin;C:\Users\PC\Downloads\mongosh-2.4.2-win32-x64;C:\Users\PC\Downloads\mongosh-2.4.2-win32-x64\mongosh-2.4.2-win32-x64\bin;C:\Program Files\Docker\Docker\resources\bin\;
USERNAME=PC
OS=Windows_NT
PROCESSOR_IDENTIFIER=Intel64 Family 6 Model 142 Stepping 10, GenuineIntel
TMP=C:\Users\PC\AppData\Local\Temp
TEMP=C:\Users\PC\AppData\Local\Temp




Periodic native trim disabled

---------------  S Y S T E M  ---------------

OS:
 Windows 10 , 64 bit Build 19041 (10.0.19041.5915)
OS uptime: 0 days 17:13 hours
Hyper-V role detected

CPU: total 8 (initial active 8) (4 cores per cpu, 2 threads per core) family 6 model 142 stepping 10 microcode 0xb4, cx8, cmov, fxsr, ht, mmx, 3dnowpref, sse, sse2, sse3, ssse3, sse4.1, sse4.2, popcnt, lzcnt, tsc, tscinvbit, avx, avx2, aes, erms, clmul, bmi1, bmi2, adx, fma, vzeroupper, clflush, clflushopt, hv, rdtscp, f16c
Processor Information for the first 8 processors :
  Max Mhz: 1801, Current Mhz: 1801, Mhz Limit: 1801

Memory: 4k page, system-wide physical 8069M (423M free)
TotalPageFile size 24514M (AvailPageFile size 3307M)
current process WorkingSet (physical memory assigned to process): 158M, peak: 235M
current process commit charge ("private bytes"): 308M, peak: 309M

vm_info: Java HotSpot(TM) 64-Bit Server VM (24.0.1+9-30) for windows-amd64 JRE (24.0.1+9-30), built on 2025-03-05T07:23:45Z with MS VC++ 17.6 (VS2022)

END.
